#
# A fatal error has been detected by the Java Runtime Environment:
#
#  Internal Error (safepoint.cpp:917), pid=76088, tid=39691
#  fatal error: Illegal threadstate encountered: 4
#
# JRE version: Java(TM) SE Runtime Environment (11.0.2+9) (build 11.0.2+9-LTS)
# Java VM: Java HotSpot(TM) 64-Bit Server VM (11.0.2+9-LTS, mixed mode, tiered, compressed oops, g1 gc, bsd-amd64)
# No core dump will be written. Core dumps have been disabled. To enable core dumping, try "ulimit -c unlimited" before starting Java again
#
# If you would like to submit a bug report, please visit:
#   http://bugreport.java.com/bugreport/crash.jsp
# The crash happened outside the Java Virtual Machine in native code.
# See problematic frame for where to report the bug.
#

---------------  S U M M A R Y ------------

Command Line: -agentlib:jdwp=transport=dt_socket,server=n,suspend=y,address=localhost:49320 --module-path=/Users/philipsavov/Library/CloudStorage/OneDrive-TheUniversityofTexasatDallas/Database Project/DB Code Folder/database/portfolio_management/target/classes:/Users/philipsavov/.m2/repository/org/json/json/20220320/json-20220320.jar:/Users/philipsavov/.m2/repository/org/openjfx/javafx-controls/13/javafx-controls-13-mac.jar:/Users/philipsavov/.m2/repository/org/openjfx/javafx-graphics/13/javafx-graphics-13-mac.jar:/Users/philipsavov/.m2/repository/org/openjfx/javafx-base/13/javafx-base-13-mac.jar:/Users/philipsavov/.m2/repository/org/openjfx/javafx-fxml/13/javafx-fxml-13-mac.jar -Djdk.module.main=utd.database utd.database/utd.database.App

Host: MacBookPro15,3 x86_64 2600 MHz, 12 cores, 32G, Darwin 21.4.0
Time: Sun Apr 24 19:04:01 2022 CDT elapsed time: 23 seconds (0d 0h 0m 23s)

---------------  T H R E A D  ---------------

Current thread (0x00007f803c21f800):  JavaThread "InvokeLaterDispatcher" daemon [_thread_in_native, id=39691, stack(0x000070000d860000,0x000070000d960000)]

Stack: [0x000070000d860000,0x000070000d960000],  sp=0x000070000d95e350,  free space=1016k
Native frames: (J=compiled Java code, A=aot compiled Java code, j=interpreted, Vv=VM code, C=native code)
V  [libjvm.dylib+0x73f305]  _ZN7VMError14report_and_dieEiPKcS1_P13__va_list_tagP6ThreadPhPvS7_S1_im+0x5d1
V  [libjvm.dylib+0x73f991]  _ZN7VMError14report_and_dieEP6ThreadPvPKciS4_S4_P13__va_list_tag+0x47
V  [libjvm.dylib+0x264c8d]  _Z12report_fatalPKciS0_z+0xb5
V  [libjvm.dylib+0x660c2f]  _ZN20SafepointSynchronize5blockEP10JavaThread+0x1d1
V  [libjvm.dylib+0x6ef464]  _ZN10JavaThread44check_safepoint_and_suspend_for_native_transEPS_+0xaa
V  [libjvm.dylib+0x3d68c2]  jni_DeleteGlobalRef+0x93
C  [libglass.dylib+0x8e55]  -[GlassRunnable dealloc]+0x35
C  [Foundation+0x81bee]  -[_NSThreadPerformInfo dealloc]+0x2a
C  [Foundation+0x4e496]  -[NSObject(NSThreadPerformAdditions) performSelectorOnMainThread:withObject:waitUntilDone:]+0x7c
J 2304  com.sun.glass.ui.mac.MacApplication._submitForLaterInvocation(Ljava/lang/Runnable;)V javafx.graphics (0 bytes) @ 0x000000011eb5648f [0x000000011eb563c0+0x00000000000000cf]
J 2303 c1 com.sun.glass.ui.mac.MacApplication.submitForLaterInvocation(Ljava/lang/Runnable;)V javafx.graphics (6 bytes) @ 0x00000001179637c4 [0x0000000117963740+0x0000000000000084]
j  com.sun.glass.ui.InvokeLaterDispatcher.run()V+82 javafx.graphics
v  ~StubRoutines::call_stub
V  [libjvm.dylib+0x39c3ee]  _ZN9JavaCalls11call_helperEP9JavaValueRK12methodHandleP17JavaCallArgumentsP6Thread+0x21a
V  [libjvm.dylib+0x39b838]  _ZN9JavaCalls12call_virtualEP9JavaValueP5KlassP6SymbolS5_P17JavaCallArgumentsP6Thread+0xee
V  [libjvm.dylib+0x39b8f4]  _ZN9JavaCalls12call_virtualEP9JavaValue6HandleP5KlassP6SymbolS6_P6Thread+0x62
V  [libjvm.dylib+0x41f4d0]  _ZL12thread_entryP10JavaThreadP6Thread+0x78
V  [libjvm.dylib+0x6ede46]  _ZN10JavaThread17thread_main_innerEv+0x82
V  [libjvm.dylib+0x6edc91]  _ZN10JavaThread3runEv+0x1ab
V  [libjvm.dylib+0x5f0da3]  _ZL19thread_native_entryP6Thread+0x135
C  [libsystem_pthread.dylib+0x64e1]  _pthread_start+0x7d
C  [libsystem_pthread.dylib+0x1f6b]  thread_start+0xf

Java frames: (J=compiled Java code, j=interpreted, Vv=VM code)
J 2304  com.sun.glass.ui.mac.MacApplication._submitForLaterInvocation(Ljava/lang/Runnable;)V javafx.graphics (0 bytes) @ 0x000000011eb5641c [0x000000011eb563c0+0x000000000000005c]
J 2303 c1 com.sun.glass.ui.mac.MacApplication.submitForLaterInvocation(Ljava/lang/Runnable;)V javafx.graphics (6 bytes) @ 0x00000001179637c4 [0x0000000117963740+0x0000000000000084]
j  com.sun.glass.ui.InvokeLaterDispatcher.run()V+82 javafx.graphics
v  ~StubRoutines::call_stub

---------------  P R O C E S S  ---------------

Threads class SMR info:
_java_thread_list=0x00006000015fbea0, length=19, elements={
0x00007f803c808800, 0x00007f803b00f800, 0x00007f803a015800, 0x00007f803b825800,
0x00007f803b82a800, 0x00007f803c057800, 0x00007f803b831800, 0x00007f803b057000,
0x00007f8039953000, 0x00007f803c89d000, 0x00007f803c89e000, 0x00007f803c059800,
0x00007f803b8c0000, 0x00007f803c21f800, 0x00007f803a0e3800, 0x00007f803ca18000,
0x00007f80399e0800, 0x00007f803b29b800, 0x00007f803b033800
}

Java Threads: ( => current thread )
  0x00007f803c808800 JavaThread "main" [_thread_blocked, id=6403, stack(0x000070000c21b000,0x000070000c31b000)]
  0x00007f803b00f800 JavaThread "Reference Handler" daemon [_thread_blocked, id=13571, stack(0x000070000c930000,0x000070000ca30000)]
  0x00007f803a015800 JavaThread "Finalizer" daemon [_thread_blocked, id=19203, stack(0x000070000ca33000,0x000070000cb33000)]
  0x00007f803b825800 JavaThread "Signal Dispatcher" daemon [_thread_blocked, id=15875, stack(0x000070000cc3c000,0x000070000cd3c000)]
  0x00007f803b82a800 JavaThread "C2 CompilerThread0" daemon [_thread_blocked, id=16387, stack(0x000070000cd3f000,0x000070000ce3f000)]
  0x00007f803c057800 JavaThread "C1 CompilerThread0" daemon [_thread_blocked, id=16899, stack(0x000070000ce42000,0x000070000cf42000)]
  0x00007f803b831800 JavaThread "Sweeper thread" daemon [_thread_blocked, id=43267, stack(0x000070000cf45000,0x000070000d045000)]
  0x00007f803b057000 JavaThread "Common-Cleaner" daemon [_thread_blocked, id=43011, stack(0x000070000d048000,0x000070000d148000)]
  0x00007f8039953000 JavaThread "JDWP Transport Listener: dt_socket" daemon [_thread_blocked, id=42243, stack(0x000070000d14b000,0x000070000d24b000)]
  0x00007f803c89d000 JavaThread "JDWP Event Helper Thread" daemon [_thread_blocked, id=41987, stack(0x000070000d24e000,0x000070000d34e000)]
  0x00007f803c89e000 JavaThread "JDWP Command Reader" daemon [_thread_in_native, id=41219, stack(0x000070000d351000,0x000070000d451000)]
  0x00007f803c059800 JavaThread "Service Thread" daemon [_thread_blocked, id=23043, stack(0x000070000d454000,0x000070000d554000)]
  0x00007f803b8c0000 JavaThread "QuantumRenderer-0" daemon [_thread_blocked, id=24067, stack(0x000070000d65a000,0x000070000d75a000)]
=>0x00007f803c21f800 JavaThread "InvokeLaterDispatcher" daemon [_thread_in_native, id=39691, stack(0x000070000d860000,0x000070000d960000)]
  0x00007f803a0e3800 JavaThread "JavaFX Application Thread" [_thread_in_native, id=259, stack(0x00007ff7b5539000,0x00007ff7b5d39000)]
  0x00007f803ca18000 JavaThread "JavaFX-Launcher" [_thread_blocked, id=55043, stack(0x000070000daec000,0x000070000dbec000)]
  0x00007f80399e0800 JavaThread "Prism Font Disposer" daemon [_thread_blocked, id=49935, stack(0x000070000e60d000,0x000070000e70d000)]
  0x00007f803b29b800 JavaThread "Cleaner-0" daemon [_thread_blocked, id=126731, stack(0x000070000e916000,0x000070000ea16000)]
  0x00007f803b033800 JavaThread "PulseTimer-CVDisplayLink thread" daemon [_thread_in_native, id=83811, stack(0x000070000d963000,0x000070000d9e3000)]

Other Threads:
  0x00007f803c848000 VMThread "VM Thread" [stack: 0x000070000c82d000,0x000070000c92d000] [id=12803]
  0x00007f803a07b800 WatcherThread [stack: 0x000070000d557000,0x000070000d657000] [id=23555]
  0x00007f803c814800 GCTaskThread "GC Thread#0" [stack: 0x000070000c31e000,0x000070000c41e000] [id=11267]
  0x00007f803b103000 GCTaskThread "GC Thread#1" [stack: 0x000070000dbef000,0x000070000dcef000] [id=73475]
  0x00007f803ba73000 GCTaskThread "GC Thread#2" [stack: 0x000070000dcf2000,0x000070000ddf2000] [id=59907]
  0x00007f803c0fe800 GCTaskThread "GC Thread#3" [stack: 0x000070000ddf5000,0x000070000def5000] [id=60419]
  0x00007f803b146800 GCTaskThread "GC Thread#4" [stack: 0x000070000def8000,0x000070000dff8000] [id=60675]
  0x00007f803b149000 GCTaskThread "GC Thread#5" [stack: 0x000070000dffb000,0x000070000e0fb000] [id=61187]
  0x00007f803b149800 GCTaskThread "GC Thread#6" [stack: 0x000070000e0fe000,0x000070000e1fe000] [id=61443]
  0x00007f803b14a800 GCTaskThread "GC Thread#7" [stack: 0x000070000e201000,0x000070000e301000] [id=61699]
  0x00007f803b14b000 GCTaskThread "GC Thread#8" [stack: 0x000070000e304000,0x000070000e404000] [id=61955]
  0x00007f803ca50000 GCTaskThread "GC Thread#9" [stack: 0x000070000e407000,0x000070000e507000] [id=71683]
  0x00007f803c845000 ConcurrentGCThread "G1 Main Marker" [stack: 0x000070000c421000,0x000070000c521000] [id=20739]
  0x00007f8039809000 ConcurrentGCThread "G1 Conc#0" [stack: 0x000070000c524000,0x000070000c624000] [id=12035]
  0x00007f803b240000 ConcurrentGCThread "G1 Conc#1" [stack: 0x000070000e710000,0x000070000e810000] [id=88583]
  0x00007f8039f7d800 ConcurrentGCThread "G1 Conc#2" [stack: 0x000070000e813000,0x000070000e913000] [id=130307]
  0x00007f803c041800 ConcurrentGCThread "G1 Refine#0" [stack: 0x000070000c627000,0x000070000c727000] [id=20227]
  0x00007f803c042800 ConcurrentGCThread "G1 Young RemSet Sampling" [stack: 0x000070000c72a000,0x000070000c82a000] [id=19971]

Threads with active compile tasks:

VM state:not at safepoint (normal execution)

VM Mutex/Monitor currently owned by a thread: None

Heap address: 0x0000000600000000, size: 8192 MB, Compressed Oops mode: Zero based, Oop shift amount: 3
Narrow klass base: 0x0000000800000000, Narrow klass shift: 0
Compressed class space size: 1073741824 Address: 0x0000000800000000

Heap:
 garbage-first heap   total 524288K, used 16728K [0x0000000600000000, 0x0000000800000000)
  region size 2048K, 9 young (18432K), 4 survivors (8192K)
 Metaspace       used 22851K, capacity 23705K, committed 24064K, reserved 1071104K
  class space    used 2896K, capacity 3229K, committed 3328K, reserved 1048576K
Heap Regions: E=young(eden), S=young(survivor), O=old, HS=humongous(starts), HC=humongous(continues), CS=collection set, F=free, A=archive, TAMS=top-at-mark-start (previous, next)
|   0|0x0000000600000000, 0x0000000600200000, 0x0000000600200000|100%|HS|  |TAMS 0x0000000600000000, 0x0000000600000000| Complete 
|   1|0x0000000600200000, 0x0000000600200000, 0x0000000600400000|  0%| F|  |TAMS 0x0000000600200000, 0x0000000600200000| Untracked 
|   2|0x0000000600400000, 0x0000000600400000, 0x0000000600600000|  0%| F|  |TAMS 0x0000000600400000, 0x0000000600400000| Untracked 
|   3|0x0000000600600000, 0x0000000600600000, 0x0000000600800000|  0%| F|  |TAMS 0x0000000600600000, 0x0000000600600000| Untracked 
|   4|0x0000000600800000, 0x0000000600800000, 0x0000000600a00000|  0%| F|  |TAMS 0x0000000600800000, 0x0000000600800000| Untracked 
|   5|0x0000000600a00000, 0x0000000600a00000, 0x0000000600c00000|  0%| F|  |TAMS 0x0000000600a00000, 0x0000000600a00000| Untracked 
|   6|0x0000000600c00000, 0x0000000600c00000, 0x0000000600e00000|  0%| F|  |TAMS 0x0000000600c00000, 0x0000000600c00000| Untracked 
|   7|0x0000000600e00000, 0x0000000600e00000, 0x0000000601000000|  0%| F|  |TAMS 0x0000000600e00000, 0x0000000600e00000| Untracked 
|   8|0x0000000601000000, 0x0000000601000000, 0x0000000601200000|  0%| F|  |TAMS 0x0000000601000000, 0x0000000601000000| Untracked 
|   9|0x0000000601200000, 0x0000000601200000, 0x0000000601400000|  0%| F|  |TAMS 0x0000000601200000, 0x0000000601200000| Untracked 
|  10|0x0000000601400000, 0x0000000601400000, 0x0000000601600000|  0%| F|  |TAMS 0x0000000601400000, 0x0000000601400000| Untracked 
|  11|0x0000000601600000, 0x0000000601600000, 0x0000000601800000|  0%| F|  |TAMS 0x0000000601600000, 0x0000000601600000| Untracked 
|  12|0x0000000601800000, 0x0000000601800000, 0x0000000601a00000|  0%| F|  |TAMS 0x0000000601800000, 0x0000000601800000| Untracked 
|  13|0x0000000601a00000, 0x0000000601a00000, 0x0000000601c00000|  0%| F|  |TAMS 0x0000000601a00000, 0x0000000601a00000| Untracked 
|  14|0x0000000601c00000, 0x0000000601c00000, 0x0000000601e00000|  0%| F|  |TAMS 0x0000000601c00000, 0x0000000601c00000| Untracked 
|  15|0x0000000601e00000, 0x0000000601e00000, 0x0000000602000000|  0%| F|  |TAMS 0x0000000601e00000, 0x0000000601e00000| Untracked 
|  16|0x0000000602000000, 0x0000000602000000, 0x0000000602200000|  0%| F|  |TAMS 0x0000000602000000, 0x0000000602000000| Untracked 
|  17|0x0000000602200000, 0x0000000602200000, 0x0000000602400000|  0%| F|  |TAMS 0x0000000602200000, 0x0000000602200000| Untracked 
|  18|0x0000000602400000, 0x0000000602400000, 0x0000000602600000|  0%| F|  |TAMS 0x0000000602400000, 0x0000000602400000| Untracked 
|  19|0x0000000602600000, 0x0000000602600000, 0x0000000602800000|  0%| F|  |TAMS 0x0000000602600000, 0x0000000602600000| Untracked 
|  20|0x0000000602800000, 0x0000000602800000, 0x0000000602a00000|  0%| F|  |TAMS 0x0000000602800000, 0x0000000602800000| Untracked 
|  21|0x0000000602a00000, 0x0000000602a00000, 0x0000000602c00000|  0%| F|  |TAMS 0x0000000602a00000, 0x0000000602a00000| Untracked 
|  22|0x0000000602c00000, 0x0000000602c00000, 0x0000000602e00000|  0%| F|  |TAMS 0x0000000602c00000, 0x0000000602c00000| Untracked 
|  23|0x0000000602e00000, 0x0000000602e00000, 0x0000000603000000|  0%| F|  |TAMS 0x0000000602e00000, 0x0000000602e00000| Untracked 
|  24|0x0000000603000000, 0x0000000603000000, 0x0000000603200000|  0%| F|  |TAMS 0x0000000603000000, 0x0000000603000000| Untracked 
|  25|0x0000000603200000, 0x0000000603200000, 0x0000000603400000|  0%| F|  |TAMS 0x0000000603200000, 0x0000000603200000| Untracked 
|  26|0x0000000603400000, 0x0000000603400000, 0x0000000603600000|  0%| F|  |TAMS 0x0000000603400000, 0x0000000603400000| Untracked 
|  27|0x0000000603600000, 0x0000000603600000, 0x0000000603800000|  0%| F|  |TAMS 0x0000000603600000, 0x0000000603600000| Untracked 
|  28|0x0000000603800000, 0x0000000603800000, 0x0000000603a00000|  0%| F|  |TAMS 0x0000000603800000, 0x0000000603800000| Untracked 
|  29|0x0000000603a00000, 0x0000000603a00000, 0x0000000603c00000|  0%| F|  |TAMS 0x0000000603a00000, 0x0000000603a00000| Untracked 
|  30|0x0000000603c00000, 0x0000000603c00000, 0x0000000603e00000|  0%| F|  |TAMS 0x0000000603c00000, 0x0000000603c00000| Untracked 
|  31|0x0000000603e00000, 0x0000000603e00000, 0x0000000604000000|  0%| F|  |TAMS 0x0000000603e00000, 0x0000000603e00000| Untracked 
|  32|0x0000000604000000, 0x0000000604000000, 0x0000000604200000|  0%| F|  |TAMS 0x0000000604000000, 0x0000000604000000| Untracked 
|  33|0x0000000604200000, 0x0000000604200000, 0x0000000604400000|  0%| F|  |TAMS 0x0000000604200000, 0x0000000604200000| Untracked 
|  34|0x0000000604400000, 0x0000000604400000, 0x0000000604600000|  0%| F|  |TAMS 0x0000000604400000, 0x0000000604400000| Untracked 
|  35|0x0000000604600000, 0x0000000604600000, 0x0000000604800000|  0%| F|  |TAMS 0x0000000604600000, 0x0000000604600000| Untracked 
|  36|0x0000000604800000, 0x0000000604800000, 0x0000000604a00000|  0%| F|  |TAMS 0x0000000604800000, 0x0000000604800000| Untracked 
|  37|0x0000000604a00000, 0x0000000604a00000, 0x0000000604c00000|  0%| F|  |TAMS 0x0000000604a00000, 0x0000000604a00000| Untracked 
|  38|0x0000000604c00000, 0x0000000604c00000, 0x0000000604e00000|  0%| F|  |TAMS 0x0000000604c00000, 0x0000000604c00000| Untracked 
|  39|0x0000000604e00000, 0x0000000604e00000, 0x0000000605000000|  0%| F|  |TAMS 0x0000000604e00000, 0x0000000604e00000| Untracked 
|  40|0x0000000605000000, 0x0000000605000000, 0x0000000605200000|  0%| F|  |TAMS 0x0000000605000000, 0x0000000605000000| Untracked 
|  41|0x0000000605200000, 0x0000000605200000, 0x0000000605400000|  0%| F|  |TAMS 0x0000000605200000, 0x0000000605200000| Untracked 
|  42|0x0000000605400000, 0x0000000605400000, 0x0000000605600000|  0%| F|  |TAMS 0x0000000605400000, 0x0000000605400000| Untracked 
|  43|0x0000000605600000, 0x0000000605600000, 0x0000000605800000|  0%| F|  |TAMS 0x0000000605600000, 0x0000000605600000| Untracked 
|  44|0x0000000605800000, 0x0000000605800000, 0x0000000605a00000|  0%| F|  |TAMS 0x0000000605800000, 0x0000000605800000| Untracked 
|  45|0x0000000605a00000, 0x0000000605a00000, 0x0000000605c00000|  0%| F|  |TAMS 0x0000000605a00000, 0x0000000605a00000| Untracked 
|  46|0x0000000605c00000, 0x0000000605c00000, 0x0000000605e00000|  0%| F|  |TAMS 0x0000000605c00000, 0x0000000605c00000| Untracked 
|  47|0x0000000605e00000, 0x0000000605e00000, 0x0000000606000000|  0%| F|  |TAMS 0x0000000605e00000, 0x0000000605e00000| Untracked 
|  48|0x0000000606000000, 0x0000000606000000, 0x0000000606200000|  0%| F|  |TAMS 0x0000000606000000, 0x0000000606000000| Untracked 
|  49|0x0000000606200000, 0x0000000606200000, 0x0000000606400000|  0%| F|  |TAMS 0x0000000606200000, 0x0000000606200000| Untracked 
|  50|0x0000000606400000, 0x0000000606400000, 0x0000000606600000|  0%| F|  |TAMS 0x0000000606400000, 0x0000000606400000| Untracked 
|  51|0x0000000606600000, 0x0000000606600000, 0x0000000606800000|  0%| F|  |TAMS 0x0000000606600000, 0x0000000606600000| Untracked 
|  52|0x0000000606800000, 0x0000000606800000, 0x0000000606a00000|  0%| F|  |TAMS 0x0000000606800000, 0x0000000606800000| Untracked 
|  53|0x0000000606a00000, 0x0000000606a00000, 0x0000000606c00000|  0%| F|  |TAMS 0x0000000606a00000, 0x0000000606a00000| Untracked 
|  54|0x0000000606c00000, 0x0000000606c00000, 0x0000000606e00000|  0%| F|  |TAMS 0x0000000606c00000, 0x0000000606c00000| Untracked 
|  55|0x0000000606e00000, 0x0000000606e00000, 0x0000000607000000|  0%| F|  |TAMS 0x0000000606e00000, 0x0000000606e00000| Untracked 
|  56|0x0000000607000000, 0x0000000607000000, 0x0000000607200000|  0%| F|  |TAMS 0x0000000607000000, 0x0000000607000000| Untracked 
|  57|0x0000000607200000, 0x0000000607200000, 0x0000000607400000|  0%| F|  |TAMS 0x0000000607200000, 0x0000000607200000| Untracked 
|  58|0x0000000607400000, 0x0000000607400000, 0x0000000607600000|  0%| F|  |TAMS 0x0000000607400000, 0x0000000607400000| Untracked 
|  59|0x0000000607600000, 0x0000000607600000, 0x0000000607800000|  0%| F|  |TAMS 0x0000000607600000, 0x0000000607600000| Untracked 
|  60|0x0000000607800000, 0x0000000607800000, 0x0000000607a00000|  0%| F|  |TAMS 0x0000000607800000, 0x0000000607800000| Untracked 
|  61|0x0000000607a00000, 0x0000000607a00000, 0x0000000607c00000|  0%| F|  |TAMS 0x0000000607a00000, 0x0000000607a00000| Untracked 
|  62|0x0000000607c00000, 0x0000000607c00000, 0x0000000607e00000|  0%| F|  |TAMS 0x0000000607c00000, 0x0000000607c00000| Untracked 
|  63|0x0000000607e00000, 0x0000000607e00000, 0x0000000608000000|  0%| F|  |TAMS 0x0000000607e00000, 0x0000000607e00000| Untracked 
|  64|0x0000000608000000, 0x0000000608000000, 0x0000000608200000|  0%| F|  |TAMS 0x0000000608000000, 0x0000000608000000| Untracked 
|  65|0x0000000608200000, 0x0000000608200000, 0x0000000608400000|  0%| F|  |TAMS 0x0000000608200000, 0x0000000608200000| Untracked 
|  66|0x0000000608400000, 0x0000000608400000, 0x0000000608600000|  0%| F|  |TAMS 0x0000000608400000, 0x0000000608400000| Untracked 
|  67|0x0000000608600000, 0x0000000608600000, 0x0000000608800000|  0%| F|  |TAMS 0x0000000608600000, 0x0000000608600000| Untracked 
|  68|0x0000000608800000, 0x0000000608800000, 0x0000000608a00000|  0%| F|  |TAMS 0x0000000608800000, 0x0000000608800000| Untracked 
|  69|0x0000000608a00000, 0x0000000608a00000, 0x0000000608c00000|  0%| F|  |TAMS 0x0000000608a00000, 0x0000000608a00000| Untracked 
|  70|0x0000000608c00000, 0x0000000608c00000, 0x0000000608e00000|  0%| F|  |TAMS 0x0000000608c00000, 0x0000000608c00000| Untracked 
|  71|0x0000000608e00000, 0x0000000608e00000, 0x0000000609000000|  0%| F|  |TAMS 0x0000000608e00000, 0x0000000608e00000| Untracked 
|  72|0x0000000609000000, 0x0000000609000000, 0x0000000609200000|  0%| F|  |TAMS 0x0000000609000000, 0x0000000609000000| Untracked 
|  73|0x0000000609200000, 0x0000000609200000, 0x0000000609400000|  0%| F|  |TAMS 0x0000000609200000, 0x0000000609200000| Untracked 
|  74|0x0000000609400000, 0x0000000609400000, 0x0000000609600000|  0%| F|  |TAMS 0x0000000609400000, 0x0000000609400000| Untracked 
|  75|0x0000000609600000, 0x0000000609600000, 0x0000000609800000|  0%| F|  |TAMS 0x0000000609600000, 0x0000000609600000| Untracked 
|  76|0x0000000609800000, 0x0000000609800000, 0x0000000609a00000|  0%| F|  |TAMS 0x0000000609800000, 0x0000000609800000| Untracked 
|  77|0x0000000609a00000, 0x0000000609a00000, 0x0000000609c00000|  0%| F|  |TAMS 0x0000000609a00000, 0x0000000609a00000| Untracked 
|  78|0x0000000609c00000, 0x0000000609c00000, 0x0000000609e00000|  0%| F|  |TAMS 0x0000000609c00000, 0x0000000609c00000| Untracked 
|  79|0x0000000609e00000, 0x0000000609e00000, 0x000000060a000000|  0%| F|  |TAMS 0x0000000609e00000, 0x0000000609e00000| Untracked 
|  80|0x000000060a000000, 0x000000060a000000, 0x000000060a200000|  0%| F|  |TAMS 0x000000060a000000, 0x000000060a000000| Untracked 
|  81|0x000000060a200000, 0x000000060a200000, 0x000000060a400000|  0%| F|  |TAMS 0x000000060a200000, 0x000000060a200000| Untracked 
|  82|0x000000060a400000, 0x000000060a400000, 0x000000060a600000|  0%| F|  |TAMS 0x000000060a400000, 0x000000060a400000| Untracked 
|  83|0x000000060a600000, 0x000000060a600000, 0x000000060a800000|  0%| F|  |TAMS 0x000000060a600000, 0x000000060a600000| Untracked 
|  84|0x000000060a800000, 0x000000060a800000, 0x000000060aa00000|  0%| F|  |TAMS 0x000000060a800000, 0x000000060a800000| Untracked 
|  85|0x000000060aa00000, 0x000000060aa00000, 0x000000060ac00000|  0%| F|  |TAMS 0x000000060aa00000, 0x000000060aa00000| Untracked 
|  86|0x000000060ac00000, 0x000000060ac00000, 0x000000060ae00000|  0%| F|  |TAMS 0x000000060ac00000, 0x000000060ac00000| Untracked 
|  87|0x000000060ae00000, 0x000000060ae00000, 0x000000060b000000|  0%| F|  |TAMS 0x000000060ae00000, 0x000000060ae00000| Untracked 
|  88|0x000000060b000000, 0x000000060b000000, 0x000000060b200000|  0%| F|  |TAMS 0x000000060b000000, 0x000000060b000000| Untracked 
|  89|0x000000060b200000, 0x000000060b200000, 0x000000060b400000|  0%| F|  |TAMS 0x000000060b200000, 0x000000060b200000| Untracked 
|  90|0x000000060b400000, 0x000000060b400000, 0x000000060b600000|  0%| F|  |TAMS 0x000000060b400000, 0x000000060b400000| Untracked 
|  91|0x000000060b600000, 0x000000060b600000, 0x000000060b800000|  0%| F|  |TAMS 0x000000060b600000, 0x000000060b600000| Untracked 
|  92|0x000000060b800000, 0x000000060b800000, 0x000000060ba00000|  0%| F|  |TAMS 0x000000060b800000, 0x000000060b800000| Untracked 
|  93|0x000000060ba00000, 0x000000060ba00000, 0x000000060bc00000|  0%| F|  |TAMS 0x000000060ba00000, 0x000000060ba00000| Untracked 
|  94|0x000000060bc00000, 0x000000060bc00000, 0x000000060be00000|  0%| F|  |TAMS 0x000000060bc00000, 0x000000060bc00000| Untracked 
|  95|0x000000060be00000, 0x000000060be00000, 0x000000060c000000|  0%| F|  |TAMS 0x000000060be00000, 0x000000060be00000| Untracked 
|  96|0x000000060c000000, 0x000000060c000000, 0x000000060c200000|  0%| F|  |TAMS 0x000000060c000000, 0x000000060c000000| Untracked 
|  97|0x000000060c200000, 0x000000060c200000, 0x000000060c400000|  0%| F|  |TAMS 0x000000060c200000, 0x000000060c200000| Untracked 
|  98|0x000000060c400000, 0x000000060c400000, 0x000000060c600000|  0%| F|  |TAMS 0x000000060c400000, 0x000000060c400000| Untracked 
|  99|0x000000060c600000, 0x000000060c600000, 0x000000060c800000|  0%| F|  |TAMS 0x000000060c600000, 0x000000060c600000| Untracked 
| 100|0x000000060c800000, 0x000000060c800000, 0x000000060ca00000|  0%| F|  |TAMS 0x000000060c800000, 0x000000060c800000| Untracked 
| 101|0x000000060ca00000, 0x000000060ca00000, 0x000000060cc00000|  0%| F|  |TAMS 0x000000060ca00000, 0x000000060ca00000| Untracked 
| 102|0x000000060cc00000, 0x000000060cc00000, 0x000000060ce00000|  0%| F|  |TAMS 0x000000060cc00000, 0x000000060cc00000| Untracked 
| 103|0x000000060ce00000, 0x000000060ce00000, 0x000000060d000000|  0%| F|  |TAMS 0x000000060ce00000, 0x000000060ce00000| Untracked 
| 104|0x000000060d000000, 0x000000060d000000, 0x000000060d200000|  0%| F|  |TAMS 0x000000060d000000, 0x000000060d000000| Untracked 
| 105|0x000000060d200000, 0x000000060d200000, 0x000000060d400000|  0%| F|  |TAMS 0x000000060d200000, 0x000000060d200000| Untracked 
| 106|0x000000060d400000, 0x000000060d400000, 0x000000060d600000|  0%| F|  |TAMS 0x000000060d400000, 0x000000060d400000| Untracked 
| 107|0x000000060d600000, 0x000000060d600000, 0x000000060d800000|  0%| F|  |TAMS 0x000000060d600000, 0x000000060d600000| Untracked 
| 108|0x000000060d800000, 0x000000060d800000, 0x000000060da00000|  0%| F|  |TAMS 0x000000060d800000, 0x000000060d800000| Untracked 
| 109|0x000000060da00000, 0x000000060da00000, 0x000000060dc00000|  0%| F|  |TAMS 0x000000060da00000, 0x000000060da00000| Untracked 
| 110|0x000000060dc00000, 0x000000060dc00000, 0x000000060de00000|  0%| F|  |TAMS 0x000000060dc00000, 0x000000060dc00000| Untracked 
| 111|0x000000060de00000, 0x000000060de00000, 0x000000060e000000|  0%| F|  |TAMS 0x000000060de00000, 0x000000060de00000| Untracked 
| 112|0x000000060e000000, 0x000000060e000000, 0x000000060e200000|  0%| F|  |TAMS 0x000000060e000000, 0x000000060e000000| Untracked 
| 113|0x000000060e200000, 0x000000060e200000, 0x000000060e400000|  0%| F|  |TAMS 0x000000060e200000, 0x000000060e200000| Untracked 
| 114|0x000000060e400000, 0x000000060e400000, 0x000000060e600000|  0%| F|  |TAMS 0x000000060e400000, 0x000000060e400000| Untracked 
| 115|0x000000060e600000, 0x000000060e600000, 0x000000060e800000|  0%| F|  |TAMS 0x000000060e600000, 0x000000060e600000| Untracked 
| 116|0x000000060e800000, 0x000000060e800000, 0x000000060ea00000|  0%| F|  |TAMS 0x000000060e800000, 0x000000060e800000| Untracked 
| 117|0x000000060ea00000, 0x000000060ea00000, 0x000000060ec00000|  0%| F|  |TAMS 0x000000060ea00000, 0x000000060ea00000| Untracked 
| 118|0x000000060ec00000, 0x000000060ec00000, 0x000000060ee00000|  0%| F|  |TAMS 0x000000060ec00000, 0x000000060ec00000| Untracked 
| 119|0x000000060ee00000, 0x000000060ee00000, 0x000000060f000000|  0%| F|  |TAMS 0x000000060ee00000, 0x000000060ee00000| Untracked 
| 120|0x000000060f000000, 0x000000060f000000, 0x000000060f200000|  0%| F|  |TAMS 0x000000060f000000, 0x000000060f000000| Untracked 
| 121|0x000000060f200000, 0x000000060f200000, 0x000000060f400000|  0%| F|  |TAMS 0x000000060f200000, 0x000000060f200000| Untracked 
| 122|0x000000060f400000, 0x000000060f400000, 0x000000060f600000|  0%| F|  |TAMS 0x000000060f400000, 0x000000060f400000| Untracked 
| 123|0x000000060f600000, 0x000000060f600000, 0x000000060f800000|  0%| F|  |TAMS 0x000000060f600000, 0x000000060f600000| Untracked 
| 124|0x000000060f800000, 0x000000060f800000, 0x000000060fa00000|  0%| F|  |TAMS 0x000000060f800000, 0x000000060f800000| Untracked 
| 125|0x000000060fa00000, 0x000000060fa00000, 0x000000060fc00000|  0%| F|  |TAMS 0x000000060fa00000, 0x000000060fa00000| Untracked 
| 126|0x000000060fc00000, 0x000000060fc00000, 0x000000060fe00000|  0%| F|  |TAMS 0x000000060fc00000, 0x000000060fc00000| Untracked 
| 127|0x000000060fe00000, 0x000000060fe00000, 0x0000000610000000|  0%| F|  |TAMS 0x000000060fe00000, 0x000000060fe00000| Untracked 
| 128|0x0000000610000000, 0x0000000610000000, 0x0000000610200000|  0%| F|  |TAMS 0x0000000610000000, 0x0000000610000000| Untracked 
| 129|0x0000000610200000, 0x0000000610200000, 0x0000000610400000|  0%| F|  |TAMS 0x0000000610200000, 0x0000000610200000| Untracked 
| 130|0x0000000610400000, 0x0000000610400000, 0x0000000610600000|  0%| F|  |TAMS 0x0000000610400000, 0x0000000610400000| Untracked 
| 131|0x0000000610600000, 0x0000000610600000, 0x0000000610800000|  0%| F|  |TAMS 0x0000000610600000, 0x0000000610600000| Untracked 
| 132|0x0000000610800000, 0x0000000610800000, 0x0000000610a00000|  0%| F|  |TAMS 0x0000000610800000, 0x0000000610800000| Untracked 
| 133|0x0000000610a00000, 0x0000000610a00000, 0x0000000610c00000|  0%| F|  |TAMS 0x0000000610a00000, 0x0000000610a00000| Untracked 
| 134|0x0000000610c00000, 0x0000000610c00000, 0x0000000610e00000|  0%| F|  |TAMS 0x0000000610c00000, 0x0000000610c00000| Untracked 
| 135|0x0000000610e00000, 0x0000000610e00000, 0x0000000611000000|  0%| F|  |TAMS 0x0000000610e00000, 0x0000000610e00000| Untracked 
| 136|0x0000000611000000, 0x0000000611000000, 0x0000000611200000|  0%| F|  |TAMS 0x0000000611000000, 0x0000000611000000| Untracked 
| 137|0x0000000611200000, 0x0000000611200000, 0x0000000611400000|  0%| F|  |TAMS 0x0000000611200000, 0x0000000611200000| Untracked 
| 138|0x0000000611400000, 0x0000000611400000, 0x0000000611600000|  0%| F|  |TAMS 0x0000000611400000, 0x0000000611400000| Untracked 
| 139|0x0000000611600000, 0x0000000611600000, 0x0000000611800000|  0%| F|  |TAMS 0x0000000611600000, 0x0000000611600000| Untracked 
| 140|0x0000000611800000, 0x0000000611800000, 0x0000000611a00000|  0%| F|  |TAMS 0x0000000611800000, 0x0000000611800000| Untracked 
| 141|0x0000000611a00000, 0x0000000611a00000, 0x0000000611c00000|  0%| F|  |TAMS 0x0000000611a00000, 0x0000000611a00000| Untracked 
| 142|0x0000000611c00000, 0x0000000611c00000, 0x0000000611e00000|  0%| F|  |TAMS 0x0000000611c00000, 0x0000000611c00000| Untracked 
| 143|0x0000000611e00000, 0x0000000611e00000, 0x0000000612000000|  0%| F|  |TAMS 0x0000000611e00000, 0x0000000611e00000| Untracked 
| 144|0x0000000612000000, 0x0000000612000000, 0x0000000612200000|  0%| F|  |TAMS 0x0000000612000000, 0x0000000612000000| Untracked 
| 145|0x0000000612200000, 0x0000000612200000, 0x0000000612400000|  0%| F|  |TAMS 0x0000000612200000, 0x0000000612200000| Untracked 
| 146|0x0000000612400000, 0x0000000612400000, 0x0000000612600000|  0%| F|  |TAMS 0x0000000612400000, 0x0000000612400000| Untracked 
| 147|0x0000000612600000, 0x0000000612600000, 0x0000000612800000|  0%| F|  |TAMS 0x0000000612600000, 0x0000000612600000| Untracked 
| 148|0x0000000612800000, 0x0000000612800000, 0x0000000612a00000|  0%| F|  |TAMS 0x0000000612800000, 0x0000000612800000| Untracked 
| 149|0x0000000612a00000, 0x0000000612a00000, 0x0000000612c00000|  0%| F|  |TAMS 0x0000000612a00000, 0x0000000612a00000| Untracked 
| 150|0x0000000612c00000, 0x0000000612c00000, 0x0000000612e00000|  0%| F|  |TAMS 0x0000000612c00000, 0x0000000612c00000| Untracked 
| 151|0x0000000612e00000, 0x0000000612e00000, 0x0000000613000000|  0%| F|  |TAMS 0x0000000612e00000, 0x0000000612e00000| Untracked 
| 152|0x0000000613000000, 0x0000000613000000, 0x0000000613200000|  0%| F|  |TAMS 0x0000000613000000, 0x0000000613000000| Untracked 
| 153|0x0000000613200000, 0x0000000613200000, 0x0000000613400000|  0%| F|  |TAMS 0x0000000613200000, 0x0000000613200000| Untracked 
| 154|0x0000000613400000, 0x0000000613400000, 0x0000000613600000|  0%| F|  |TAMS 0x0000000613400000, 0x0000000613400000| Untracked 
| 155|0x0000000613600000, 0x0000000613600000, 0x0000000613800000|  0%| F|  |TAMS 0x0000000613600000, 0x0000000613600000| Untracked 
| 156|0x0000000613800000, 0x0000000613800000, 0x0000000613a00000|  0%| F|  |TAMS 0x0000000613800000, 0x0000000613800000| Untracked 
| 157|0x0000000613a00000, 0x0000000613a00000, 0x0000000613c00000|  0%| F|  |TAMS 0x0000000613a00000, 0x0000000613a00000| Untracked 
| 158|0x0000000613c00000, 0x0000000613c00000, 0x0000000613e00000|  0%| F|  |TAMS 0x0000000613c00000, 0x0000000613c00000| Untracked 
| 159|0x0000000613e00000, 0x0000000613e00000, 0x0000000614000000|  0%| F|  |TAMS 0x0000000613e00000, 0x0000000613e00000| Untracked 
| 160|0x0000000614000000, 0x0000000614000000, 0x0000000614200000|  0%| F|  |TAMS 0x0000000614000000, 0x0000000614000000| Untracked 
| 161|0x0000000614200000, 0x0000000614200000, 0x0000000614400000|  0%| F|  |TAMS 0x0000000614200000, 0x0000000614200000| Untracked 
| 162|0x0000000614400000, 0x0000000614400000, 0x0000000614600000|  0%| F|  |TAMS 0x0000000614400000, 0x0000000614400000| Untracked 
| 163|0x0000000614600000, 0x0000000614600000, 0x0000000614800000|  0%| F|  |TAMS 0x0000000614600000, 0x0000000614600000| Untracked 
| 164|0x0000000614800000, 0x0000000614800000, 0x0000000614a00000|  0%| F|  |TAMS 0x0000000614800000, 0x0000000614800000| Untracked 
| 165|0x0000000614a00000, 0x0000000614a00000, 0x0000000614c00000|  0%| F|  |TAMS 0x0000000614a00000, 0x0000000614a00000| Untracked 
| 166|0x0000000614c00000, 0x0000000614c00000, 0x0000000614e00000|  0%| F|  |TAMS 0x0000000614c00000, 0x0000000614c00000| Untracked 
| 167|0x0000000614e00000, 0x0000000614e00000, 0x0000000615000000|  0%| F|  |TAMS 0x0000000614e00000, 0x0000000614e00000| Untracked 
| 168|0x0000000615000000, 0x0000000615000000, 0x0000000615200000|  0%| F|  |TAMS 0x0000000615000000, 0x0000000615000000| Untracked 
| 169|0x0000000615200000, 0x0000000615200000, 0x0000000615400000|  0%| F|  |TAMS 0x0000000615200000, 0x0000000615200000| Untracked 
| 170|0x0000000615400000, 0x0000000615400000, 0x0000000615600000|  0%| F|  |TAMS 0x0000000615400000, 0x0000000615400000| Untracked 
| 171|0x0000000615600000, 0x0000000615600000, 0x0000000615800000|  0%| F|  |TAMS 0x0000000615600000, 0x0000000615600000| Untracked 
| 172|0x0000000615800000, 0x0000000615800000, 0x0000000615a00000|  0%| F|  |TAMS 0x0000000615800000, 0x0000000615800000| Untracked 
| 173|0x0000000615a00000, 0x0000000615a00000, 0x0000000615c00000|  0%| F|  |TAMS 0x0000000615a00000, 0x0000000615a00000| Untracked 
| 174|0x0000000615c00000, 0x0000000615c00000, 0x0000000615e00000|  0%| F|  |TAMS 0x0000000615c00000, 0x0000000615c00000| Untracked 
| 175|0x0000000615e00000, 0x0000000615e00000, 0x0000000616000000|  0%| F|  |TAMS 0x0000000615e00000, 0x0000000615e00000| Untracked 
| 176|0x0000000616000000, 0x0000000616000000, 0x0000000616200000|  0%| F|  |TAMS 0x0000000616000000, 0x0000000616000000| Untracked 
| 177|0x0000000616200000, 0x0000000616200000, 0x0000000616400000|  0%| F|  |TAMS 0x0000000616200000, 0x0000000616200000| Untracked 
| 178|0x0000000616400000, 0x0000000616400000, 0x0000000616600000|  0%| F|  |TAMS 0x0000000616400000, 0x0000000616400000| Untracked 
| 179|0x0000000616600000, 0x0000000616600000, 0x0000000616800000|  0%| F|  |TAMS 0x0000000616600000, 0x0000000616600000| Untracked 
| 180|0x0000000616800000, 0x0000000616800000, 0x0000000616a00000|  0%| F|  |TAMS 0x0000000616800000, 0x0000000616800000| Untracked 
| 181|0x0000000616a00000, 0x0000000616a00000, 0x0000000616c00000|  0%| F|  |TAMS 0x0000000616a00000, 0x0000000616a00000| Untracked 
| 182|0x0000000616c00000, 0x0000000616c00000, 0x0000000616e00000|  0%| F|  |TAMS 0x0000000616c00000, 0x0000000616c00000| Untracked 
| 183|0x0000000616e00000, 0x0000000616e00000, 0x0000000617000000|  0%| F|  |TAMS 0x0000000616e00000, 0x0000000616e00000| Untracked 
| 184|0x0000000617000000, 0x0000000617000000, 0x0000000617200000|  0%| F|  |TAMS 0x0000000617000000, 0x0000000617000000| Untracked 
| 185|0x0000000617200000, 0x0000000617200000, 0x0000000617400000|  0%| F|  |TAMS 0x0000000617200000, 0x0000000617200000| Untracked 
| 186|0x0000000617400000, 0x0000000617400000, 0x0000000617600000|  0%| F|  |TAMS 0x0000000617400000, 0x0000000617400000| Untracked 
| 187|0x0000000617600000, 0x0000000617600000, 0x0000000617800000|  0%| F|  |TAMS 0x0000000617600000, 0x0000000617600000| Untracked 
| 188|0x0000000617800000, 0x0000000617800000, 0x0000000617a00000|  0%| F|  |TAMS 0x0000000617800000, 0x0000000617800000| Untracked 
| 189|0x0000000617a00000, 0x0000000617a00000, 0x0000000617c00000|  0%| F|  |TAMS 0x0000000617a00000, 0x0000000617a00000| Untracked 
| 190|0x0000000617c00000, 0x0000000617c00000, 0x0000000617e00000|  0%| F|  |TAMS 0x0000000617c00000, 0x0000000617c00000| Untracked 
| 191|0x0000000617e00000, 0x0000000617e00000, 0x0000000618000000|  0%| F|  |TAMS 0x0000000617e00000, 0x0000000617e00000| Untracked 
| 192|0x0000000618000000, 0x0000000618000000, 0x0000000618200000|  0%| F|  |TAMS 0x0000000618000000, 0x0000000618000000| Untracked 
| 193|0x0000000618200000, 0x0000000618200000, 0x0000000618400000|  0%| F|  |TAMS 0x0000000618200000, 0x0000000618200000| Untracked 
| 194|0x0000000618400000, 0x0000000618400000, 0x0000000618600000|  0%| F|  |TAMS 0x0000000618400000, 0x0000000618400000| Untracked 
| 195|0x0000000618600000, 0x0000000618600000, 0x0000000618800000|  0%| F|  |TAMS 0x0000000618600000, 0x0000000618600000| Untracked 
| 196|0x0000000618800000, 0x0000000618800000, 0x0000000618a00000|  0%| F|  |TAMS 0x0000000618800000, 0x0000000618800000| Untracked 
| 197|0x0000000618a00000, 0x0000000618a00000, 0x0000000618c00000|  0%| F|  |TAMS 0x0000000618a00000, 0x0000000618a00000| Untracked 
| 198|0x0000000618c00000, 0x0000000618c00000, 0x0000000618e00000|  0%| F|  |TAMS 0x0000000618c00000, 0x0000000618c00000| Untracked 
| 199|0x0000000618e00000, 0x0000000618e00000, 0x0000000619000000|  0%| F|  |TAMS 0x0000000618e00000, 0x0000000618e00000| Untracked 
| 200|0x0000000619000000, 0x0000000619000000, 0x0000000619200000|  0%| F|  |TAMS 0x0000000619000000, 0x0000000619000000| Untracked 
| 201|0x0000000619200000, 0x0000000619200000, 0x0000000619400000|  0%| F|  |TAMS 0x0000000619200000, 0x0000000619200000| Untracked 
| 202|0x0000000619400000, 0x0000000619400000, 0x0000000619600000|  0%| F|  |TAMS 0x0000000619400000, 0x0000000619400000| Untracked 
| 203|0x0000000619600000, 0x0000000619600000, 0x0000000619800000|  0%| F|  |TAMS 0x0000000619600000, 0x0000000619600000| Untracked 
| 204|0x0000000619800000, 0x0000000619800000, 0x0000000619a00000|  0%| F|  |TAMS 0x0000000619800000, 0x0000000619800000| Untracked 
| 205|0x0000000619a00000, 0x0000000619a00000, 0x0000000619c00000|  0%| F|  |TAMS 0x0000000619a00000, 0x0000000619a00000| Untracked 
| 206|0x0000000619c00000, 0x0000000619c00000, 0x0000000619e00000|  0%| F|  |TAMS 0x0000000619c00000, 0x0000000619c00000| Untracked 
| 207|0x0000000619e00000, 0x0000000619e00000, 0x000000061a000000|  0%| F|  |TAMS 0x0000000619e00000, 0x0000000619e00000| Untracked 
| 208|0x000000061a000000, 0x000000061a000000, 0x000000061a200000|  0%| F|  |TAMS 0x000000061a000000, 0x000000061a000000| Untracked 
| 209|0x000000061a200000, 0x000000061a200000, 0x000000061a400000|  0%| F|  |TAMS 0x000000061a200000, 0x000000061a200000| Untracked 
| 210|0x000000061a400000, 0x000000061a400000, 0x000000061a600000|  0%| F|  |TAMS 0x000000061a400000, 0x000000061a400000| Untracked 
| 211|0x000000061a600000, 0x000000061a600000, 0x000000061a800000|  0%| F|  |TAMS 0x000000061a600000, 0x000000061a600000| Untracked 
| 212|0x000000061a800000, 0x000000061a800000, 0x000000061aa00000|  0%| F|  |TAMS 0x000000061a800000, 0x000000061a800000| Untracked 
| 213|0x000000061aa00000, 0x000000061aa00000, 0x000000061ac00000|  0%| F|  |TAMS 0x000000061aa00000, 0x000000061aa00000| Untracked 
| 214|0x000000061ac00000, 0x000000061ac00000, 0x000000061ae00000|  0%| F|  |TAMS 0x000000061ac00000, 0x000000061ac00000| Untracked 
| 215|0x000000061ae00000, 0x000000061ae00000, 0x000000061b000000|  0%| F|  |TAMS 0x000000061ae00000, 0x000000061ae00000| Untracked 
| 216|0x000000061b000000, 0x000000061b000000, 0x000000061b200000|  0%| F|  |TAMS 0x000000061b000000, 0x000000061b000000| Untracked 
| 217|0x000000061b200000, 0x000000061b200000, 0x000000061b400000|  0%| F|  |TAMS 0x000000061b200000, 0x000000061b200000| Untracked 
| 218|0x000000061b400000, 0x000000061b400000, 0x000000061b600000|  0%| F|  |TAMS 0x000000061b400000, 0x000000061b400000| Untracked 
| 219|0x000000061b600000, 0x000000061b600000, 0x000000061b800000|  0%| F|  |TAMS 0x000000061b600000, 0x000000061b600000| Untracked 
| 220|0x000000061b800000, 0x000000061b800000, 0x000000061ba00000|  0%| F|  |TAMS 0x000000061b800000, 0x000000061b800000| Untracked 
| 221|0x000000061ba00000, 0x000000061ba00000, 0x000000061bc00000|  0%| F|  |TAMS 0x000000061ba00000, 0x000000061ba00000| Untracked 
| 222|0x000000061bc00000, 0x000000061bc00000, 0x000000061be00000|  0%| F|  |TAMS 0x000000061bc00000, 0x000000061bc00000| Untracked 
| 223|0x000000061be00000, 0x000000061be00000, 0x000000061c000000|  0%| F|  |TAMS 0x000000061be00000, 0x000000061be00000| Untracked 
| 224|0x000000061c000000, 0x000000061c000000, 0x000000061c200000|  0%| F|  |TAMS 0x000000061c000000, 0x000000061c000000| Untracked 
| 225|0x000000061c200000, 0x000000061c200000, 0x000000061c400000|  0%| F|  |TAMS 0x000000061c200000, 0x000000061c200000| Untracked 
| 226|0x000000061c400000, 0x000000061c400000, 0x000000061c600000|  0%| F|  |TAMS 0x000000061c400000, 0x000000061c400000| Untracked 
| 227|0x000000061c600000, 0x000000061c600000, 0x000000061c800000|  0%| F|  |TAMS 0x000000061c600000, 0x000000061c600000| Untracked 
| 228|0x000000061c800000, 0x000000061c800000, 0x000000061ca00000|  0%| F|  |TAMS 0x000000061c800000, 0x000000061c800000| Untracked 
| 229|0x000000061ca00000, 0x000000061ca00000, 0x000000061cc00000|  0%| F|  |TAMS 0x000000061ca00000, 0x000000061ca00000| Untracked 
| 230|0x000000061cc00000, 0x000000061cc00000, 0x000000061ce00000|  0%| F|  |TAMS 0x000000061cc00000, 0x000000061cc00000| Untracked 
| 231|0x000000061ce00000, 0x000000061ce00000, 0x000000061d000000|  0%| F|  |TAMS 0x000000061ce00000, 0x000000061ce00000| Untracked 
| 232|0x000000061d000000, 0x000000061d000000, 0x000000061d200000|  0%| F|  |TAMS 0x000000061d000000, 0x000000061d000000| Untracked 
| 233|0x000000061d200000, 0x000000061d200000, 0x000000061d400000|  0%| F|  |TAMS 0x000000061d200000, 0x000000061d200000| Untracked 
| 234|0x000000061d400000, 0x000000061d456040, 0x000000061d600000| 16%| S|CS|TAMS 0x000000061d400000, 0x000000061d400000| Complete 
| 235|0x000000061d600000, 0x000000061d800000, 0x000000061d800000|100%| S|CS|TAMS 0x000000061d600000, 0x000000061d600000| Complete 
| 236|0x000000061d800000, 0x000000061da00000, 0x000000061da00000|100%| S|CS|TAMS 0x000000061d800000, 0x000000061d800000| Complete 
| 237|0x000000061da00000, 0x000000061dc00000, 0x000000061dc00000|100%| S|CS|TAMS 0x000000061da00000, 0x000000061da00000| Complete 
| 238|0x000000061dc00000, 0x000000061dc00000, 0x000000061de00000|  0%| F|  |TAMS 0x000000061dc00000, 0x000000061dc00000| Untracked 
| 239|0x000000061de00000, 0x000000061de00000, 0x000000061e000000|  0%| F|  |TAMS 0x000000061de00000, 0x000000061de00000| Untracked 
| 240|0x000000061e000000, 0x000000061e000000, 0x000000061e200000|  0%| F|  |TAMS 0x000000061e000000, 0x000000061e000000| Untracked 
| 241|0x000000061e200000, 0x000000061e200000, 0x000000061e400000|  0%| F|  |TAMS 0x000000061e200000, 0x000000061e200000| Untracked 
| 242|0x000000061e400000, 0x000000061e400000, 0x000000061e600000|  0%| F|  |TAMS 0x000000061e400000, 0x000000061e400000| Untracked 
| 243|0x000000061e600000, 0x000000061e600000, 0x000000061e800000|  0%| F|  |TAMS 0x000000061e600000, 0x000000061e600000| Untracked 
| 244|0x000000061e800000, 0x000000061e800000, 0x000000061ea00000|  0%| F|  |TAMS 0x000000061e800000, 0x000000061e800000| Untracked 
| 245|0x000000061ea00000, 0x000000061ea00000, 0x000000061ec00000|  0%| F|  |TAMS 0x000000061ea00000, 0x000000061ea00000| Untracked 
| 246|0x000000061ec00000, 0x000000061ec00000, 0x000000061ee00000|  0%| F|  |TAMS 0x000000061ec00000, 0x000000061ec00000| Untracked 
| 247|0x000000061ee00000, 0x000000061ee00000, 0x000000061f000000|  0%| F|  |TAMS 0x000000061ee00000, 0x000000061ee00000| Untracked 
| 248|0x000000061f000000, 0x000000061f000000, 0x000000061f200000|  0%| F|  |TAMS 0x000000061f000000, 0x000000061f000000| Untracked 
| 249|0x000000061f200000, 0x000000061f200000, 0x000000061f400000|  0%| F|  |TAMS 0x000000061f200000, 0x000000061f200000| Untracked 
| 250|0x000000061f400000, 0x000000061f400000, 0x000000061f600000|  0%| F|  |TAMS 0x000000061f400000, 0x000000061f400000| Untracked 
| 251|0x000000061f600000, 0x000000061f75a700, 0x000000061f800000| 67%| E|  |TAMS 0x000000061f600000, 0x000000061f600000| Complete 
| 252|0x000000061f800000, 0x000000061fa00000, 0x000000061fa00000|100%| E|CS|TAMS 0x000000061f800000, 0x000000061f800000| Complete 
| 253|0x000000061fa00000, 0x000000061fc00000, 0x000000061fc00000|100%| E|CS|TAMS 0x000000061fa00000, 0x000000061fa00000| Complete 
| 254|0x000000061fc00000, 0x000000061fe00000, 0x000000061fe00000|100%| E|CS|TAMS 0x000000061fc00000, 0x000000061fc00000| Complete 
| 255|0x000000061fe00000, 0x0000000620000000, 0x0000000620000000|100%| E|CS|TAMS 0x000000061fe00000, 0x000000061fe00000| Complete 

Card table byte_map: [0x0000000115076000,0x0000000116076000] _byte_map_base: 0x0000000112076000

Marking Bits (Prev, Next): (CMBitMap*) 0x00007f803c834850, (CMBitMap*) 0x00007f803c834818
 Prev Bits: [0x000000012ef94000, 0x0000000136f94000)
 Next Bits: [0x0000000126f94000, 0x000000012ef94000)

Polling page: 0x000000010a313000

Metaspace:

Usage:
  Non-class:     20.00 MB capacity,    19.49 MB ( 97%) used,   429.02 KB (  2%) free+waste,    92.31 KB ( <1%) overhead. 
      Class:      3.15 MB capacity,     2.83 MB ( 90%) used,   286.93 KB (  9%) free+waste,    45.44 KB (  1%) overhead. 
       Both:     23.15 MB capacity,    22.32 MB ( 96%) used,   715.95 KB (  3%) free+waste,   137.75 KB ( <1%) overhead. 

Virtual space:
  Non-class space:       22.00 MB reserved,      20.25 MB ( 92%) committed 
      Class space:        1.00 GB reserved,       3.25 MB ( <1%) committed 
             Both:        1.02 GB reserved,      23.50 MB (  2%) committed 

Chunk freelists:
   Non-Class:  11.00 KB
       Class:  384 bytes
        Both:  11.38 KB

CodeHeap 'non-profiled nmethods': size=120032Kb used=1054Kb max_used=1054Kb free=118977Kb
 bounds [0x000000011ea5c000, 0x000000011eccc000, 0x0000000125f94000]
CodeHeap 'profiled nmethods': size=120028Kb used=5001Kb max_used=5001Kb free=115026Kb
 bounds [0x0000000117525000, 0x0000000117a15000, 0x000000011ea5c000]
CodeHeap 'non-nmethods': size=5700Kb used=1385Kb max_used=1460Kb free=4314Kb
 bounds [0x0000000116f94000, 0x0000000117204000, 0x0000000117525000]
 total_blobs=3703 nmethods=2540 adapters=671
 compilation: enabled
              stopped_count=0, restarted_count=0
 full_count=0

Compilation events (10 events):
Event: 22.376 Thread 0x00007f803b82a800 2543       4       java.util.WeakHashMap$EntrySet::iterator (12 bytes)
Event: 22.378 Thread 0x00007f803b82a800 nmethod 2543 0x000000011eb62610 code [0x000000011eb627c0, 0x000000011eb629c8]
Event: 22.394 Thread 0x00007f803b82a800 2544       4       com.sun.javafx.geom.transform.GeneralTransform3D::get (34 bytes)
Event: 22.395 Thread 0x00007f803b82a800 nmethod 2544 0x000000011eb62b90 code [0x000000011eb62d20, 0x000000011eb62df8]
Event: 22.660 Thread 0x00007f803b82a800 2545       4       java.util.WeakHashMap::<init> (133 bytes)
Event: 22.666 Thread 0x00007f803b82a800 nmethod 2545 0x000000011eb62f10 code [0x000000011eb630c0, 0x000000011eb63678]
Event: 22.910 Thread 0x00007f803c057800 2546       3       javafx.scene.layout.Border::isEmpty (30 bytes)
Event: 22.910 Thread 0x00007f803c057800 nmethod 2546 0x0000000117a01f90 code [0x0000000117a02160, 0x0000000117a024f8]
Event: 22.910 Thread 0x00007f803c057800 2547   !   3       com.sun.javafx.sg.prism.NGGroup::renderContent (422 bytes)
Event: 22.913 Thread 0x00007f803c057800 nmethod 2547 0x0000000117a02610 code [0x0000000117a02bc0, 0x0000000117a06238]

GC Heap History (4 events):
Event: 1.236 GC heap before
{Heap before GC invocations=0 (full 0):
 garbage-first heap   total 524288K, used 24576K [0x0000000600000000, 0x0000000800000000)
  region size 2048K, 12 young (24576K), 0 survivors (0K)
 Metaspace       used 13208K, capacity 13624K, committed 13952K, reserved 1060864K
  class space    used 1460K, capacity 1609K, committed 1664K, reserved 1048576K
}
Event: 1.241 GC heap after
{Heap after GC invocations=1 (full 0):
 garbage-first heap   total 524288K, used 3179K [0x0000000600000000, 0x0000000800000000)
  region size 2048K, 2 young (4096K), 2 survivors (4096K)
 Metaspace       used 13208K, capacity 13624K, committed 13952K, reserved 1060864K
  class space    used 1460K, capacity 1609K, committed 1664K, reserved 1048576K
}
Event: 2.077 GC heap before
{Heap before GC invocations=1 (full 0):
 garbage-first heap   total 524288K, used 33899K [0x0000000600000000, 0x0000000800000000)
  region size 2048K, 18 young (36864K), 2 survivors (4096K)
 Metaspace       used 20417K, capacity 21115K, committed 21248K, reserved 1067008K
  class space    used 2680K, capacity 2980K, committed 3072K, reserved 1048576K
}
Event: 2.085 GC heap after
{Heap after GC invocations=2 (full 0):
 garbage-first heap   total 524288K, used 6488K [0x0000000600000000, 0x0000000800000000)
  region size 2048K, 4 young (8192K), 4 survivors (8192K)
 Metaspace       used 20417K, capacity 21115K, committed 21248K, reserved 1067008K
  class space    used 2680K, capacity 2980K, committed 3072K, reserved 1048576K
}

Deoptimization events (10 events):
Event: 1.759 Thread 0x00007f803a0e3800 Uncommon trap: reason=class_check action=maybe_recompile pc=0x000000011ea79f68 method=java.lang.String.equals(Ljava/lang/Object;)Z @ 8 c2
Event: 1.759 Thread 0x00007f803a0e3800 Uncommon trap: reason=class_check action=maybe_recompile pc=0x000000011ea79f68 method=java.lang.String.equals(Ljava/lang/Object;)Z @ 8 c2
Event: 1.782 Thread 0x00007f803a0e3800 Uncommon trap: reason=class_check action=maybe_recompile pc=0x000000011ea79f68 method=java.lang.String.equals(Ljava/lang/Object;)Z @ 8 c2
Event: 2.133 Thread 0x00007f803a0e3800 Uncommon trap: reason=unstable_if action=reinterpret pc=0x000000011eacf0bc method=jdk.internal.org.objectweb.asm.Type.getArgumentsAndReturnSizes(Ljava/lang/String;)I @ 47 c2
Event: 2.133 Thread 0x00007f803a0e3800 Uncommon trap: reason=unstable_if action=reinterpret pc=0x000000011eabce90 method=jdk.internal.org.objectweb.asm.Frame.push(Ljdk/internal/org/objectweb/asm/ClassWriter;Ljava/lang/String;)V @ 18 c2
Event: 2.175 Thread 0x00007f803b8c0000 Uncommon trap: reason=unstable_if action=reinterpret pc=0x000000011eaf465c method=java.lang.invoke.LambdaForm$BasicType.basicType(C)Ljava/lang/invoke/LambdaForm$BasicType; @ 1 c2
Event: 10.875 Thread 0x00007f803a0e3800 Uncommon trap: reason=unstable_if action=reinterpret pc=0x000000011eb28cac method=java.util.concurrent.ConcurrentHashMap.putVal(Ljava/lang/Object;Ljava/lang/Object;Z)Ljava/lang/Object; @ 148 c2
Event: 11.934 Thread 0x00007f803a0e3800 Uncommon trap: reason=unstable_if action=reinterpret pc=0x000000011eaddf48 method=java.lang.AbstractStringBuilder.append(C)Ljava/lang/AbstractStringBuilder; @ 21 c2
Event: 11.934 Thread 0x00007f803a0e3800 Uncommon trap: reason=unstable_if action=reinterpret pc=0x000000011eaedfec method=java.lang.AbstractStringBuilder.isLatin1()Z @ 10 c2
Event: 12.033 Thread 0x00007f803a0e3800 Uncommon trap: reason=unstable_if action=reinterpret pc=0x000000011eaab900 method=java.lang.StringLatin1.canEncode(I)Z @ 4 c2

Classes redefined (0 events):
No events

Internal exceptions (10 events):
Event: 1.884 Thread 0x00007f803a0e3800 Exception <a 'java/lang/NoSuchMethodError'{0x000000061e346ed0}: java.lang.invoke.DirectMethodHandle$Holder.invokeSpecial(Ljava/lang/Object;Ljava/lang/Object;Ljava/lang/Object;Ljava/lang/Object;Ljava/lang/Object;Ljava/lang/Object;)V> (0x000000061e346ed0) t
Event: 2.117 Thread 0x00007f803b8c0000 Exception <a 'java/lang/NoSuchMethodError'{0x000000061ffe51b0}: java.lang.invoke.DirectMethodHandle$Holder.invokeStaticInit(Ljava/lang/Object;Ljava/lang/Object;)I> (0x000000061ffe51b0) thrown at [/scratch/mesos/slaves/07fc96ef-bf4d-487f-b22f-a84e49f5f44a-
Event: 2.133 Thread 0x00007f803a0e3800 Exception <a 'java/lang/NoSuchMethodError'{0x000000061fea9960}: java.lang.invoke.DirectMethodHandle$Holder.invokeStaticInit(Ljava/lang/Object;Ljava/lang/Object;Ljava/lang/Object;)J> (0x000000061fea9960) thrown at [/scratch/mesos/slaves/07fc96ef-bf4d-487f-
Event: 2.135 Thread 0x00007f803a0e3800 Exception <a 'java/lang/NoSuchMethodError'{0x000000061fec1fa0}: java.lang.invoke.DirectMethodHandle$Holder.invokeStatic(Ljava/lang/Object;Ljava/lang/Object;J)Ljava/lang/Object;> (0x000000061fec1fa0) thrown at [/scratch/mesos/slaves/07fc96ef-bf4d-487f-b22f
Event: 2.135 Thread 0x00007f803a0e3800 Exception <a 'java/lang/NoSuchMethodError'{0x000000061fec8118}: java.lang.invoke.Invokers$Holder.linkToTargetMethod(Ljava/lang/Object;JLjava/lang/Object;)Ljava/lang/Object;> (0x000000061fec8118) thrown at [/scratch/mesos/slaves/07fc96ef-bf4d-487f-b22f-a84
Event: 2.333 Thread 0x00007f803a0e3800 Exception <a 'java/lang/NoSuchMethodError'{0x000000061fbba8f0}: java.lang.invoke.DirectMethodHandle$Holder.invokeStatic(Ljava/lang/Object;Ljava/lang/Object;JIII)Ljava/lang/Object;> (0x000000061fbba8f0) thrown at [/scratch/mesos/slaves/07fc96ef-bf4d-487f-b
Event: 2.334 Thread 0x00007f803a0e3800 Exception <a 'java/lang/NoSuchMethodError'{0x000000061fbce540}: java.lang.invoke.DirectMethodHandle$Holder.invokeStatic(Ljava/lang/Object;Ljava/lang/Object;ILjava/lang/Object;JIIII)Ljava/lang/Object;> (0x000000061fbce540) thrown at [/scratch/mesos/slaves/
Event: 10.885 Thread 0x00007f803a0e3800 Exception <a 'java/lang/NoSuchMethodError'{0x000000061f9bf468}: java.lang.invoke.DirectMethodHandle$Holder.invokeStatic(Ljava/lang/Object;Ljava/lang/Object;IIIIILjava/lang/Object;)Ljava/lang/Object;> (0x000000061f9bf468) thrown at [/scratch/mesos/slaves/0
Event: 10.886 Thread 0x00007f803a0e3800 Exception <a 'java/lang/NoSuchMethodError'{0x000000061f9cfe18}: java.lang.invoke.DirectMethodHandle$Holder.invokeStatic(Ljava/lang/Object;Ljava/lang/Object;Ljava/lang/Object;IIIII)Ljava/lang/Object;> (0x000000061f9cfe18) thrown at [/scratch/mesos/slaves/0
Event: 10.886 Thread 0x00007f803a0e3800 Exception <a 'java/lang/NoSuchMethodError'{0x000000061f9d6678}: java.lang.invoke.Invokers$Holder.linkToTargetMethod(Ljava/lang/Object;Ljava/lang/Object;IIIIILjava/lang/Object;)Ljava/lang/Object;> (0x000000061f9d6678) thrown at [/scratch/mesos/slaves/07fc9

Events (10 events):
Event: 11.934 Thread 0x00007f803a0e3800 DEOPT PACKING pc=0x000000011eaddf48 sp=0x00007ff7b5d31ec0
Event: 11.934 Thread 0x00007f803a0e3800 DEOPT UNPACKING pc=0x0000000116fcd1a5 sp=0x00007ff7b5d31e58 mode 2
Event: 11.934 Thread 0x00007f803a0e3800 Uncommon trap: trap_request=0xffffff4d fr.pc=0x000000011eaedfec relative=0x00000000000003ac
Event: 11.934 Thread 0x00007f803a0e3800 DEOPT PACKING pc=0x000000011eaedfec sp=0x00007ff7b5d31ed0
Event: 11.934 Thread 0x00007f803a0e3800 DEOPT UNPACKING pc=0x0000000116fcd1a5 sp=0x00007ff7b5d31e60 mode 2
Event: 12.033 Thread 0x00007f803a0e3800 Uncommon trap: trap_request=0xffffff4d fr.pc=0x000000011eaab900 relative=0x00000000000003c0
Event: 12.033 Thread 0x00007f803a0e3800 DEOPT PACKING pc=0x000000011eaab900 sp=0x00007ff7b5d31e30
Event: 12.033 Thread 0x00007f803a0e3800 DEOPT UNPACKING pc=0x0000000116fcd1a5 sp=0x00007ff7b5d31dc0 mode 2
Event: 20.543 Thread 0x00007f803ba1b000 Thread exited: 0x00007f803ba1b000
Event: 21.909 Thread 0x00007f803b033800 Thread added: 0x00007f803b033800


Dynamic libraries:
0x00007ff825ec8000 	/System/Library/Frameworks/Cocoa.framework/Versions/A/Cocoa
0x00007ff811b45000 	/System/Library/Frameworks/AppKit.framework/Versions/C/AppKit
0x00007ff815050000 	/System/Library/Frameworks/CoreData.framework/Versions/A/CoreData
0x00007ff80ff51000 	/System/Library/Frameworks/Foundation.framework/Versions/C/Foundation
0x00007ff819e71000 	/usr/lib/libSystem.B.dylib
0x00007ff8129d3000 	/System/Library/PrivateFrameworks/UIFoundation.framework/Versions/A/UIFoundation
0x00007ff81fdd2000 	/System/Library/PrivateFrameworks/RemoteViewServices.framework/Versions/A/RemoteViewServices
0x00007ff8180bc000 	/System/Library/PrivateFrameworks/XCTTargetBootstrap.framework/Versions/A/XCTTargetBootstrap
0x00007ff81bc78000 	/System/Library/PrivateFrameworks/InternationalSupport.framework/Versions/A/InternationalSupport
0x00007ff81bd02000 	/System/Library/PrivateFrameworks/UserActivity.framework/Versions/A/UserActivity
0x00007ff81b058000 	/usr/lib/libspindump.dylib
0x00007ff812c61000 	/System/Library/Frameworks/UniformTypeIdentifiers.framework/Versions/A/UniformTypeIdentifiers
0x00007ff8167e5000 	/usr/lib/libapp_launch_measurement.dylib
0x00007ff815a20000 	/System/Library/PrivateFrameworks/CoreAnalytics.framework/Versions/A/CoreAnalytics
0x00007ff8167e8000 	/System/Library/PrivateFrameworks/CoreAutoLayout.framework/Versions/A/CoreAutoLayout
0x00007ff817a16000 	/System/Library/Frameworks/Metal.framework/Versions/A/Metal
0x00007ff818742000 	/usr/lib/liblangid.dylib
0x00007ff8180c1000 	/System/Library/PrivateFrameworks/CoreSVG.framework/Versions/A/CoreSVG
0x00007ff814048000 	/System/Library/PrivateFrameworks/SkyLight.framework/Versions/A/SkyLight
0x00007ff8143e6000 	/System/Library/Frameworks/CoreGraphics.framework/Versions/A/CoreGraphics
0x00007ff820492000 	/System/Library/Frameworks/Accelerate.framework/Versions/A/Accelerate
0x00007ff81aad7000 	/System/Library/PrivateFrameworks/IconServices.framework/Versions/A/IconServices
0x00007ff8179fb000 	/System/Library/Frameworks/IOSurface.framework/Versions/A/IOSurface
0x00007ff815a4e000 	/usr/lib/libDiagnosticMessagesClient.dylib
0x00007ff819d91000 	/usr/lib/libz.1.dylib
0x00007ff823b75000 	/System/Library/Frameworks/ApplicationServices.framework/Versions/A/ApplicationServices
0x00007ff8180a8000 	/System/Library/PrivateFrameworks/DFRFoundation.framework/Versions/A/DFRFoundation
0x00007ff81142d000 	/usr/lib/libicucore.A.dylib
0x00007ff81ca6d000 	/System/Library/Frameworks/AudioToolbox.framework/Versions/A/AudioToolbox
0x00007ff81bc84000 	/System/Library/PrivateFrameworks/DataDetectorsCore.framework/Versions/A/DataDetectorsCore
0x00007ff917c11000 	/System/Library/PrivateFrameworks/TextInput.framework/Versions/A/TextInput
0x00007ff813fcb000 	/usr/lib/libMobileGestalt.dylib
0x00007ff817db4000 	/System/Library/Frameworks/Carbon.framework/Versions/A/Frameworks/HIToolbox.framework/Versions/A/HIToolbox
0x00007ff8161eb000 	/System/Library/Frameworks/QuartzCore.framework/Versions/A/QuartzCore
0x00007ff8110d4000 	/System/Library/Frameworks/Security.framework/Versions/A/Security
0x00007ff81fe0a000 	/System/Library/Frameworks/Carbon.framework/Versions/A/Frameworks/SpeechRecognition.framework/Versions/A/SpeechRecognition
0x00007ff816545000 	/System/Library/PrivateFrameworks/CoreUI.framework/Versions/A/CoreUI
0x00007ff8109a0000 	/System/Library/Frameworks/CoreAudio.framework/Versions/A/CoreAudio
0x00007ff815b3d000 	/System/Library/Frameworks/DiskArbitration.framework/Versions/A/DiskArbitration
0x00007ff81b446000 	/System/Library/PrivateFrameworks/MultitouchSupport.framework/Versions/A/MultitouchSupport
0x00007ff813fca000 	/usr/lib/libenergytrace.dylib
0x00007ff811a31000 	/System/Library/Frameworks/IOKit.framework/Versions/A/IOKit
0x00007ff8201fa000 	/System/Library/Frameworks/CoreServices.framework/Versions/A/CoreServices
0x00007ff81677f000 	/System/Library/PrivateFrameworks/PerformanceAnalysis.framework/Versions/A/PerformanceAnalysis
0x00007ffa27135000 	/System/Library/Frameworks/OpenGL.framework/Versions/A/OpenGL
0x00007ff8193ab000 	/System/Library/PrivateFrameworks/MobileKeyBag.framework/Versions/A/MobileKeyBag
0x00007ff80ef21000 	/usr/lib/libobjc.A.dylib
0x00007ff814ab1000 	/System/Library/Frameworks/ColorSync.framework/Versions/A/ColorSync
0x00007ff80f0df000 	/System/Library/Frameworks/CoreFoundation.framework/Versions/A/CoreFoundation
0x00007ff818338000 	/System/Library/Frameworks/CoreImage.framework/Versions/A/CoreImage
0x00007ff8107b8000 	/System/Library/Frameworks/CoreText.framework/Versions/A/CoreText
0x00007ff8180f1000 	/System/Library/Frameworks/ImageIO.framework/Versions/A/ImageIO
0x00007ff819e77000 	/System/Library/PrivateFrameworks/SoftLinking.framework/Versions/A/SoftLinking
0x00007ff816830000 	/usr/lib/libxml2.2.dylib
0x00007ff80efeb000 	/usr/lib/libc++.1.dylib
0x00007ff81a0fb000 	/usr/lib/libcompression.dylib
0x00007ff81bbab000 	/System/Library/PrivateFrameworks/TextureIO.framework/Versions/A/TextureIO
0x00007ff81a7e9000 	/usr/lib/libate.dylib
0x00007ff819e6c000 	/usr/lib/system/libcache.dylib
0x00007ff819e28000 	/usr/lib/system/libcommonCrypto.dylib
0x00007ff819e51000 	/usr/lib/system/libcompiler_rt.dylib
0x00007ff819e47000 	/usr/lib/system/libcopyfile.dylib
0x00007ff80ee1c000 	/usr/lib/system/libcorecrypto.dylib
0x00007ff80eeda000 	/usr/lib/system/libdispatch.dylib
0x00007ff80f09e000 	/usr/lib/system/libdyld.dylib
0x00007ff819e63000 	/usr/lib/system/libkeymgr.dylib
0x00007ff819e06000 	/usr/lib/system/libmacho.dylib
0x00007ff819485000 	/usr/lib/system/libquarantine.dylib
0x00007ff819e61000 	/usr/lib/system/libremovefile.dylib
0x00007ff814018000 	/usr/lib/system/libsystem_asl.dylib
0x00007ff80edc5000 	/usr/lib/system/libsystem_blocks.dylib
0x00007ff80ef62000 	/usr/lib/system/libsystem_c.dylib
0x00007ff819e59000 	/usr/lib/system/libsystem_collections.dylib
0x00007ff818732000 	/usr/lib/system/libsystem_configuration.dylib
0x00007ff8179de000 	/usr/lib/system/libsystem_containermanager.dylib
0x00007ff819b3f000 	/usr/lib/system/libsystem_coreservices.dylib
0x00007ff8116c1000 	/usr/lib/system/libsystem_darwin.dylib
0x00007ff819e64000 	/usr/lib/system/libsystem_dnssd.dylib
0x00007ff80ef5f000 	/usr/lib/system/libsystem_featureflags.dylib
0x00007ff80f0b4000 	/usr/lib/system/libsystem_info.dylib
0x00007ff819da4000 	/usr/lib/system/libsystem_m.dylib
0x00007ff80eeae000 	/usr/lib/system/libsystem_malloc.dylib
0x00007ff813fb3000 	/usr/lib/system/libsystem_networkextension.dylib
0x00007ff811ae7000 	/usr/lib/system/libsystem_notify.dylib
0x00007ff8200cf000 	/usr/lib/system/libsystem_product_info_filter.dylib
0x00007ff818736000 	/usr/lib/system/libsystem_sandbox.dylib
0x00007ff819e5e000 	/usr/lib/system/libsystem_secinit.dylib
0x00007ff80f05a000 	/usr/lib/system/libsystem_kernel.dylib
0x00007ff80f0aa000 	/usr/lib/system/libsystem_platform.dylib
0x00007ff80f092000 	/usr/lib/system/libsystem_pthread.dylib
0x00007ff815860000 	/usr/lib/system/libsystem_symptoms.dylib
0x00007ff80ee03000 	/usr/lib/system/libsystem_trace.dylib
0x00007ff819e34000 	/usr/lib/system/libunwind.dylib
0x00007ff80edc7000 	/usr/lib/system/libxpc.dylib
0x00007ff80f044000 	/usr/lib/libc++abi.dylib
0x00007ff819e3f000 	/usr/lib/liboah.dylib
0x00007ff81a5c5000 	/usr/lib/liblzma.5.dylib
0x00007ff80fc64000 	/System/Library/Frameworks/SystemConfiguration.framework/Versions/A/SystemConfiguration
0x00007ff819e73000 	/usr/lib/libfakelink.dylib
0x00007ff813b24000 	/System/Library/Frameworks/CFNetwork.framework/Versions/A/CFNetwork
0x00007ff819fb4000 	/usr/lib/libarchive.2.dylib
0x00007ff81873e000 	/System/Library/PrivateFrameworks/AppleSystemInfo.framework/Versions/A/AppleSystemInfo
0x00007ff8194ac000 	/usr/lib/libbsm.0.dylib
0x00007ff813137000 	/usr/lib/libnetwork.dylib
0x00007ff819e0c000 	/usr/lib/system/libkxld.dylib
0x00007ff8190d8000 	/System/Library/PrivateFrameworks/IOMobileFramebuffer.framework/Versions/A/IOMobileFramebuffer
0x00007ffb2663c000 	/usr/lib/libCoreEntitlements.dylib
0x00007ff819b21000 	/System/Library/PrivateFrameworks/AppleFSCompression.framework/Versions/A/AppleFSCompression
0x00007ff819494000 	/usr/lib/libcoretls.dylib
0x00007ff81a5df000 	/usr/lib/libcoretls_cfhelpers.dylib
0x00007ff81a0f6000 	/usr/lib/libpam.2.dylib
0x00007ff815480000 	/usr/lib/libsqlite3.dylib
0x00007ff81a64e000 	/usr/lib/libxar.1.dylib
0x00007ff819b31000 	/usr/lib/libbz2.1.0.dylib
0x00007ff819e78000 	/usr/lib/libpcap.A.dylib
0x00007ff815858000 	/usr/lib/libdns_services.dylib
0x00007ff81a0c6000 	/usr/lib/libapple_nghttp2.dylib
0x00007ff819eb2000 	/usr/lib/libiconv.2.dylib
0x00007ff819e05000 	/usr/lib/libcharset.1.dylib
0x00007ff8167b3000 	/System/Library/Frameworks/CoreServices.framework/Versions/A/Frameworks/FSEvents.framework/Versions/A/FSEvents
0x00007ff8116cb000 	/System/Library/Frameworks/CoreServices.framework/Versions/A/Frameworks/CarbonCore.framework/Versions/A/CarbonCore
0x00007ff815aa1000 	/System/Library/Frameworks/CoreServices.framework/Versions/A/Frameworks/Metadata.framework/Versions/A/Metadata
0x00007ff819b44000 	/System/Library/Frameworks/CoreServices.framework/Versions/A/Frameworks/OSServices.framework/Versions/A/OSServices
0x00007ff81a03b000 	/System/Library/Frameworks/CoreServices.framework/Versions/A/Frameworks/SearchKit.framework/Versions/A/SearchKit
0x00007ff8157eb000 	/System/Library/Frameworks/CoreServices.framework/Versions/A/Frameworks/AE.framework/Versions/A/AE
0x00007ff80f5e1000 	/System/Library/Frameworks/CoreServices.framework/Versions/A/Frameworks/LaunchServices.framework/Versions/A/LaunchServices
0x00007ff81a576000 	/System/Library/Frameworks/CoreServices.framework/Versions/A/Frameworks/DictionaryServices.framework/Versions/A/DictionaryServices
0x00007ff8167c0000 	/System/Library/Frameworks/CoreServices.framework/Versions/A/Frameworks/SharedFileList.framework/Versions/A/SharedFileList
0x00007ff819488000 	/usr/lib/libCheckFix.dylib
0x00007ff81402f000 	/System/Library/PrivateFrameworks/TCC.framework/Versions/A/TCC
0x00007ff818744000 	/System/Library/PrivateFrameworks/CoreNLP.framework/Versions/A/CoreNLP
0x00007ff815a51000 	/System/Library/PrivateFrameworks/MetadataUtilities.framework/Versions/A/MetadataUtilities
0x00007ff80fd14000 	/usr/lib/libmecabra.dylib
0x00007ff8194bc000 	/usr/lib/libmecab.dylib
0x00007ff80fcdf000 	/usr/lib/libCRFSuite.dylib
0x00007ff819516000 	/usr/lib/libgermantok.dylib
0x00007ff81a0a1000 	/usr/lib/libThaiTokenizer.dylib
0x00007ff815b44000 	/System/Library/Frameworks/Accelerate.framework/Versions/A/Frameworks/vImage.framework/Versions/A/vImage
0x00007ff8201d1000 	/System/Library/Frameworks/Accelerate.framework/Versions/A/Frameworks/vecLib.framework/Versions/A/vecLib
0x00007ff81a68f000 	/System/Library/Frameworks/Accelerate.framework/Versions/A/Frameworks/vecLib.framework/Versions/A/libvMisc.dylib
0x00007ff818f03000 	/System/Library/Frameworks/Accelerate.framework/Versions/A/Frameworks/vecLib.framework/Versions/A/libvDSP.dylib
0x00007ff80f95b000 	/System/Library/Frameworks/Accelerate.framework/Versions/A/Frameworks/vecLib.framework/Versions/A/libBLAS.dylib
0x00007ff81a1d8000 	/System/Library/Frameworks/Accelerate.framework/Versions/A/Frameworks/vecLib.framework/Versions/A/libLAPACK.dylib
0x00007ff819519000 	/System/Library/Frameworks/Accelerate.framework/Versions/A/Frameworks/vecLib.framework/Versions/A/libLinearAlgebra.dylib
0x00007ff81a0de000 	/System/Library/Frameworks/Accelerate.framework/Versions/A/Frameworks/vecLib.framework/Versions/A/libSparseBLAS.dylib
0x00007ff81a1d2000 	/System/Library/Frameworks/Accelerate.framework/Versions/A/Frameworks/vecLib.framework/Versions/A/libQuadrature.dylib
0x00007ff81882f000 	/System/Library/Frameworks/Accelerate.framework/Versions/A/Frameworks/vecLib.framework/Versions/A/libBNNS.dylib
0x00007ff80fbf5000 	/System/Library/Frameworks/Accelerate.framework/Versions/A/Frameworks/vecLib.framework/Versions/A/libSparse.dylib
0x00007ff818828000 	/System/Library/PrivateFrameworks/LinguisticData.framework/Versions/A/LinguisticData
0x00007ff80fbab000 	/System/Library/PrivateFrameworks/Lexicon.framework/Versions/A/Lexicon
0x00007ff81a688000 	/usr/lib/libChineseTokenizer.dylib
0x00007ff81030d000 	/System/Library/PrivateFrameworks/LanguageModeling.framework/Versions/A/LanguageModeling
0x00007ff81a0a3000 	/System/Library/PrivateFrameworks/AppleSauce.framework/Versions/A/AppleSauce
0x00007ff8190c6000 	/System/Library/PrivateFrameworks/CoreEmoji.framework/Versions/A/CoreEmoji
0x00007ff819fa3000 	/usr/lib/libcmph.dylib
0x00007ff816797000 	/System/Library/Frameworks/OpenDirectory.framework/Versions/A/Frameworks/CFOpenDirectory.framework/Versions/A/CFOpenDirectory
0x00007ff81678b000 	/System/Library/Frameworks/OpenDirectory.framework/Versions/A/OpenDirectory
0x00007ff81a5e1000 	/System/Library/PrivateFrameworks/APFS.framework/Versions/A/APFS
0x00007ff8193e3000 	/System/Library/Frameworks/SecurityFoundation.framework/Versions/A/SecurityFoundation
0x00007ff81a65c000 	/usr/lib/libutil.dylib
0x00007ff8119f5000 	/System/Library/PrivateFrameworks/CoreServicesStore.framework/Versions/A/CoreServicesStore
0x00007ff81a660000 	/usr/lib/libxslt.1.dylib
0x00007ff819470000 	/System/Library/PrivateFrameworks/BackgroundTaskManagement.framework/Versions/A/BackgroundTaskManagement
0x00007ff81bacb000 	/System/Library/Frameworks/ImageIO.framework/Versions/A/Resources/libRadiance.dylib
0x00007ff81bad4000 	/System/Library/Frameworks/ImageIO.framework/Versions/A/Resources/libJPEG.dylib
0x00007ff81ba25000 	/System/Library/Frameworks/ImageIO.framework/Versions/A/Resources/libPng.dylib
0x00007ff81ba46000 	/System/Library/Frameworks/ImageIO.framework/Versions/A/Resources/libTIFF.dylib
0x00007ff81bb34000 	/System/Library/Frameworks/ImageIO.framework/Versions/A/Resources/libGIF.dylib
0x00007ff81b360000 	/System/Library/Frameworks/ImageIO.framework/Versions/A/Resources/libJP2.dylib
0x00007ff81aa9e000 	/usr/lib/libexpat.1.dylib
0x00007ff81b315000 	/System/Library/PrivateFrameworks/AppleJPEG.framework/Versions/A/AppleJPEG
0x00007ff817c78000 	/System/Library/PrivateFrameworks/FontServices.framework/libFontParser.dylib
0x00007ff815795000 	/System/Library/PrivateFrameworks/RunningBoardServices.framework/Versions/A/RunningBoardServices
0x00007ff826480000 	/System/Library/PrivateFrameworks/IOSurfaceAccelerator.framework/Versions/A/IOSurfaceAccelerator
0x00007ff81b442000 	/System/Library/PrivateFrameworks/WatchdogClient.framework/Versions/A/WatchdogClient
0x00007ff8103fb000 	/System/Library/Frameworks/CoreDisplay.framework/Versions/A/CoreDisplay
0x00007ff817b76000 	/System/Library/Frameworks/CoreMedia.framework/Versions/A/CoreMedia
0x00007ff817a0d000 	/System/Library/PrivateFrameworks/IOAccelerator.framework/Versions/A/IOAccelerator
0x00007ff816914000 	/System/Library/Frameworks/CoreVideo.framework/Versions/A/CoreVideo
0x00007ff81a0f4000 	/System/Library/Frameworks/MetalPerformanceShaders.framework/Versions/A/MetalPerformanceShaders
0x00007ff81b47f000 	/System/Library/Frameworks/VideoToolbox.framework/Versions/A/VideoToolbox
0x00007ff8156df000 	/System/Library/PrivateFrameworks/BaseBoard.framework/Versions/A/BaseBoard
0x00007ff815466000 	/System/Library/PrivateFrameworks/ProtocolBuffer.framework/Versions/A/ProtocolBuffer
0x00007ff81bac4000 	/System/Library/PrivateFrameworks/GPUWrangler.framework/Versions/A/GPUWrangler
0x00007ff81baa8000 	/System/Library/PrivateFrameworks/IOPresentment.framework/Versions/A/IOPresentment
0x00007ff81bace000 	/System/Library/PrivateFrameworks/DSExternalDisplay.framework/Versions/A/DSExternalDisplay
0x00007ffa27129000 	/System/Library/Frameworks/OpenGL.framework/Versions/A/Libraries/libCoreFSCache.dylib
0x00007ffb13de5000 	/System/Library/PrivateFrameworks/GPUCompiler.framework/Versions/31001/Libraries/libGPUCompilerUtils.dylib
0x00007ff81bb39000 	/System/Library/PrivateFrameworks/CMCaptureCore.framework/Versions/A/CMCaptureCore
0x00007ff81b046000 	/System/Library/PrivateFrameworks/AppServerSupport.framework/Versions/A/AppServerSupport
0x00007ff81d305000 	/System/Library/PrivateFrameworks/perfdata.framework/Versions/A/perfdata
0x00007ff810527000 	/System/Library/PrivateFrameworks/AudioToolboxCore.framework/Versions/A/AudioToolboxCore
0x00007ff817b54000 	/System/Library/PrivateFrameworks/caulk.framework/Versions/A/caulk
0x00007ff81cc17000 	/usr/lib/libAudioStatistics.dylib
0x00007ff9143bf000 	/System/Library/PrivateFrameworks/SystemPolicy.framework/Versions/A/SystemPolicy
0x00007ff81ce72000 	/usr/lib/libSMC.dylib
0x00007ff825d7b000 	/System/Library/Frameworks/CoreMIDI.framework/Versions/A/CoreMIDI
0x00007ff81b9f4000 	/usr/lib/libAudioToolboxUtility.dylib
0x00007ff910662000 	/System/Library/PrivateFrameworks/OSAServicesClient.framework/Versions/A/OSAServicesClient
0x00007ff81d312000 	/usr/lib/libperfcheck.dylib
0x00007ff914e69000 	/usr/lib/libmis.dylib
0x00007ffa27184000 	/System/Library/Frameworks/OpenGL.framework/Versions/A/Libraries/libGLU.dylib
0x00007ffa27148000 	/System/Library/Frameworks/OpenGL.framework/Versions/A/Libraries/libGFXShared.dylib
0x00007ffa27351000 	/System/Library/Frameworks/OpenGL.framework/Versions/A/Libraries/libGL.dylib
0x00007ffa27151000 	/System/Library/Frameworks/OpenGL.framework/Versions/A/Libraries/libGLImage.dylib
0x00007ffa27145000 	/System/Library/Frameworks/OpenGL.framework/Versions/A/Libraries/libCVMSPluginSupport.dylib
0x00007ffa27130000 	/System/Library/Frameworks/OpenGL.framework/Versions/A/Libraries/libCoreVMClient.dylib
0x00007ff8186c0000 	/System/Library/Frameworks/MetalPerformanceShaders.framework/Versions/A/Frameworks/MPSCore.framework/Versions/A/MPSCore
0x00007ff819a8c000 	/System/Library/Frameworks/MetalPerformanceShaders.framework/Versions/A/Frameworks/MPSImage.framework/Versions/A/MPSImage
0x00007ff81952f000 	/System/Library/Frameworks/MetalPerformanceShaders.framework/Versions/A/Frameworks/MPSNeuralNetwork.framework/Versions/A/MPSNeuralNetwork
0x00007ff8199a3000 	/System/Library/Frameworks/MetalPerformanceShaders.framework/Versions/A/Frameworks/MPSMatrix.framework/Versions/A/MPSMatrix
0x00007ff81975e000 	/System/Library/Frameworks/MetalPerformanceShaders.framework/Versions/A/Frameworks/MPSRayIntersector.framework/Versions/A/MPSRayIntersector
0x00007ff8199db000 	/System/Library/Frameworks/MetalPerformanceShaders.framework/Versions/A/Frameworks/MPSNDArray.framework/Versions/A/MPSNDArray
0x00007ffa2c0b1000 	/System/Library/Frameworks/MetalPerformanceShaders.framework/Versions/A/Frameworks/MPSFunctions.framework/Versions/A/MPSFunctions
0x00007ff80f838000 	/System/Library/PrivateFrameworks/MetalTools.framework/Versions/A/MetalTools
0x00007ff81873c000 	/System/Library/PrivateFrameworks/AggregateDictionary.framework/Versions/A/AggregateDictionary
0x00007ff81a880000 	/usr/lib/libIOReport.dylib
0x00007ffa28760000 	/System/Library/Frameworks/OpenCL.framework/Versions/A/OpenCL
0x00007ff81abe4000 	/System/Library/PrivateFrameworks/FaceCore.framework/Versions/A/FaceCore
0x00007ff81abd5000 	/System/Library/PrivateFrameworks/GraphVisualizer.framework/Versions/A/GraphVisualizer
0x00007ffb13cf0000 	/System/Library/PrivateFrameworks/FontServices.framework/Versions/A/FontServices
0x00007ff81affe000 	/System/Library/PrivateFrameworks/OTSVG.framework/Versions/A/OTSVG
0x00007ff8164fb000 	/System/Library/Frameworks/ApplicationServices.framework/Versions/A/Frameworks/ATS.framework/Versions/A/Resources/libFontRegistry.dylib
0x00007ff81b04e000 	/System/Library/PrivateFrameworks/FontServices.framework/libhvf.dylib
0x00007ffb13cf1000 	/System/Library/PrivateFrameworks/FontServices.framework/libXTFontStaticRegistryData.dylib
0x00007ff81aa4e000 	/System/Library/PrivateFrameworks/AppleVA.framework/Versions/A/AppleVA
0x00007ff81cc37000 	/System/Library/Frameworks/ApplicationServices.framework/Versions/A/Frameworks/ATS.framework/Versions/A/ATS
0x00007ff814bad000 	/System/Library/Frameworks/ApplicationServices.framework/Versions/A/Frameworks/HIServices.framework/Versions/A/HIServices
0x00007ff81bb43000 	/System/Library/Frameworks/ApplicationServices.framework/Versions/A/Frameworks/PrintCore.framework/Versions/A/PrintCore
0x00007ff81cfc5000 	/System/Library/Frameworks/ApplicationServices.framework/Versions/A/Frameworks/QD.framework/Versions/A/QD
0x00007ff81cfbd000 	/System/Library/Frameworks/ApplicationServices.framework/Versions/A/Frameworks/ColorSyncLegacy.framework/Versions/A/ColorSyncLegacy
0x00007ff81cc27000 	/System/Library/Frameworks/ApplicationServices.framework/Versions/A/Frameworks/SpeechSynthesis.framework/Versions/A/SpeechSynthesis
0x00007ff81bb04000 	/System/Library/Frameworks/ApplicationServices.framework/Versions/A/Frameworks/ATSUI.framework/Versions/A/ATSUI
0x00007ff81cf52000 	/usr/lib/libcups.2.dylib
0x00007ff81d321000 	/System/Library/Frameworks/Kerberos.framework/Versions/A/Kerberos
0x00007ff81d330000 	/System/Library/Frameworks/GSS.framework/Versions/A/GSS
0x00007ff81cca3000 	/usr/lib/libresolv.9.dylib
0x00007ff81b05d000 	/System/Library/PrivateFrameworks/Heimdal.framework/Versions/A/Heimdal
0x00007ff823efd000 	/System/Library/Frameworks/Kerberos.framework/Versions/A/Libraries/libHeimdalProxy.dylib
0x00007ff815868000 	/System/Library/Frameworks/Network.framework/Versions/A/Network
0x00007ff81aab8000 	/usr/lib/libheimdal-asn1.dylib
0x00007ff81d37b000 	/System/Library/PrivateFrameworks/CommonAuth.framework/Versions/A/CommonAuth
0x00007ff81cba9000 	/System/Library/PrivateFrameworks/AudioSession.framework/Versions/A/AudioSession
0x00007ff81ab48000 	/System/Library/PrivateFrameworks/MediaExperience.framework/Versions/A/MediaExperience
0x00007ff81ca3c000 	/System/Library/PrivateFrameworks/AudioSession.framework/libSessionUtility.dylib
0x00007ff81cfd1000 	/System/Library/PrivateFrameworks/AudioResourceArbitration.framework/Versions/A/AudioResourceArbitration
0x00007ff821044000 	/System/Library/PrivateFrameworks/PowerLog.framework/Versions/A/PowerLog
0x00007ff81aac1000 	/System/Library/PrivateFrameworks/IconFoundation.framework/Versions/A/IconFoundation
0x00007ff81fdfa000 	/System/Library/PrivateFrameworks/SpeechRecognitionCore.framework/Versions/A/SpeechRecognitionCore
0x000000010b011000 	/Library/Java/JavaVirtualMachines/jdk-11.0.2.jdk/Contents/Home/lib/server/libjvm.dylib
0x000000010a31d000 	/Library/Java/JavaVirtualMachines/jdk-11.0.2.jdk/Contents/Home/lib/libverify.dylib
0x000000010a356000 	/Library/Java/JavaVirtualMachines/jdk-11.0.2.jdk/Contents/Home/lib/libjava.dylib
0x000000010a3ba000 	/Library/Java/JavaVirtualMachines/jdk-11.0.2.jdk/Contents/Home/lib/libjdwp.dylib
0x000000010a331000 	/Library/Java/JavaVirtualMachines/jdk-11.0.2.jdk/Contents/Home/lib/libzip.dylib
0x000000010a339000 	/Library/Java/JavaVirtualMachines/jdk-11.0.2.jdk/Contents/Home/lib/libjimage.dylib
0x000000010a39d000 	/Library/Java/JavaVirtualMachines/jdk-11.0.2.jdk/Contents/Home/lib/libnio.dylib
0x000000010af25000 	/Library/Java/JavaVirtualMachines/jdk-11.0.2.jdk/Contents/Home/lib/libnet.dylib
0x000000010a38f000 	/Library/Java/JavaVirtualMachines/jdk-11.0.2.jdk/Contents/Home/lib/libdt_socket.dylib
0x000000010af11000 	/Users/philipsavov/.openjfx/cache/13/libprism_es2.dylib
0x00007ff8119b7000 	/System/Library/PrivateFrameworks/CoreServicesInternal.framework/Versions/A/CoreServicesInternal
0x00007ffa2735c000 	/System/Library/Frameworks/OpenGL.framework/Versions/A/Resources/GLEngine.bundle/GLEngine
0x00007ffa271c2000 	/System/Library/Frameworks/OpenGL.framework/Versions/A/Libraries/libGLProgrammability.dylib
0x00007ffa1c1dd000 	/System/Library/Extensions/AppleIntelKBLGraphicsGLDriver.bundle/Contents/MacOS/AppleIntelKBLGraphicsGLDriver
0x00007ff91efa3000 	/System/Library/PrivateFrameworks/GPUSupport.framework/Versions/A/Libraries/libGPUSupportMercury.dylib
0x0000000116c94000 	/System/Library/Extensions/AMDRadeonX5000GLDriver.bundle/Contents/MacOS/AMDRadeonX5000GLDriver
0x00007ffa2a4f0000 	/System/Library/Extensions/AMDRadeonX5000GLDriver.bundle/Contents/MacOS/ATIRadeonX5000SCLib.dylib
0x00007ffa1a8a1000 	/System/Library/Extensions/AMDShared.bundle/Contents/PlugIns/libSC.dylib
0x00007ffa274e6000 	/System/Library/Frameworks/OpenGL.framework/Versions/A/Resources/GLRendererFloat.bundle/GLRendererFloat
0x0000000116b2e000 	/Users/philipsavov/.openjfx/cache/13/libglass.dylib
0x00007ff821635000 	/System/Library/Frameworks/FileProvider.framework/Versions/A/FileProvider
0x00007ff81564c000 	/System/Library/Frameworks/Accounts.framework/Versions/A/Accounts
0x00007ff8217ae000 	/System/Library/PrivateFrameworks/GenerationalStorage.framework/Versions/A/GenerationalStorage
0x00007ff8222c1000 	/System/Library/PrivateFrameworks/CoreSymbolication.framework/Versions/A/CoreSymbolication
0x00007ff821039000 	/System/Library/PrivateFrameworks/SymptomDiagnosticReporter.framework/Versions/A/SymptomDiagnosticReporter
0x00007ff812c75000 	/System/Library/PrivateFrameworks/DesktopServicesPriv.framework/Versions/A/DesktopServicesPriv
0x00007ff811af6000 	/usr/lib/libsandbox.1.dylib
0x00007ff816993000 	/System/Library/PrivateFrameworks/UserManagement.framework/Versions/A/UserManagement
0x00007ff822286000 	/System/Library/PrivateFrameworks/DebugSymbols.framework/Versions/A/DebugSymbols
0x00007ff81cfb2000 	/System/Library/PrivateFrameworks/NetAuth.framework/Versions/A/NetAuth
0x00007ff81debf000 	/System/Library/PrivateFrameworks/Sharing.framework/Versions/A/Sharing
0x00007ff816966000 	/System/Library/PrivateFrameworks/login.framework/Versions/A/Frameworks/loginsupport.framework/Versions/A/loginsupport
0x00007ff823424000 	/System/Library/PrivateFrameworks/Apple80211.framework/Versions/A/Apple80211
0x00007ff819b71000 	/System/Library/PrivateFrameworks/AuthKit.framework/Versions/A/AuthKit
0x00007ff8191bc000 	/System/Library/PrivateFrameworks/CoreUtils.framework/Versions/A/CoreUtils
0x00007ff8190e3000 	/System/Library/Frameworks/CoreWLAN.framework/Versions/A/CoreWLAN
0x00007ff81e01e000 	/System/Library/Frameworks/IOBluetooth.framework/Versions/A/IOBluetooth
0x00007ff82348c000 	/System/Library/PrivateFrameworks/CoreWiFi.framework/Versions/A/CoreWiFi
0x00007ff821e58000 	/System/Library/PrivateFrameworks/FrontBoardServices.framework/Versions/A/FrontBoardServices
0x00007ff821ee9000 	/System/Library/PrivateFrameworks/BoardServices.framework/Versions/A/BoardServices
0x00007ff8193d2000 	/System/Library/PrivateFrameworks/AssertionServices.framework/Versions/A/AssertionServices
0x00007ff82360f000 	/System/Library/PrivateFrameworks/BackBoardServices.framework/Versions/A/BackBoardServices
0x00007ff81d40c000 	/System/Library/PrivateFrameworks/CorePhoneNumbers.framework/Versions/A/CorePhoneNumbers
0x00007ff821156000 	/System/Library/PrivateFrameworks/DiskManagement.framework/Versions/A/DiskManagement
0x00007ff82106a000 	/System/Library/PrivateFrameworks/AppleIDAuthSupport.framework/Versions/A/AppleIDAuthSupport
0x00007ffa2e672000 	/System/Library/PrivateFrameworks/AAAFoundation.framework/Versions/A/AAAFoundation
0x00007ff81d3ed000 	/System/Library/PrivateFrameworks/KeychainCircle.framework/Versions/A/KeychainCircle
0x00007ff821122000 	/System/Library/PrivateFrameworks/MediaKit.framework/Versions/A/MediaKit
0x00007ff821076000 	/System/Library/Frameworks/DiscRecording.framework/Versions/A/DiscRecording
0x00007ff81a9c6000 	/usr/lib/libCoreStorage.dylib
0x00007ff8238fd000 	/usr/lib/libcsfde.dylib
0x00007ff81e0eb000 	/System/Library/PrivateFrameworks/ProtectedCloudStorage.framework/Versions/A/ProtectedCloudStorage
0x00007ff8238f9000 	/System/Library/PrivateFrameworks/EFILogin.framework/Versions/A/EFILogin
0x00007ff8217d4000 	/System/Library/PrivateFrameworks/OctagonTrust.framework/Versions/A/OctagonTrust
0x00007ffb12f5f000 	/System/Library/PrivateFrameworks/CoreUtilsExtras.framework/Versions/A/CoreUtilsExtras
0x00007ff820f9d000 	/System/Library/Frameworks/CoreBluetooth.framework/Versions/A/CoreBluetooth
0x00007ff823f82000 	/System/Library/Frameworks/AudioUnit.framework/Versions/A/AudioUnit
0x00007ff81a9be000 	/usr/lib/libMatch.1.dylib
0x00007ff919442000 	/System/Library/Frameworks/Accelerate.framework/Versions/A/Frameworks/vImage.framework/Versions/A/Libraries/libCGInterfaces.dylib
0x0000000116ea4000 	/usr/lib/libobjc-trampolines.dylib
0x00007ff81668b000 	/System/Library/PrivateFrameworks/ViewBridge.framework/Versions/A/ViewBridge
0x00007ff81b114000 	/System/Library/PrivateFrameworks/login.framework/Versions/A/login
0x000000013ea5e000 	/Users/philipsavov/.openjfx/cache/13/libjavafx_font.dylib
0x00007ffb2674b000 	/usr/lib/libRosetta.dylib
0x00007ff820516000 	/System/Library/PrivateFrameworks/SystemAdministration.framework/Versions/A/SystemAdministration
0x00007ff81bd6d000 	/System/Library/Frameworks/MediaToolbox.framework/Versions/A/MediaToolbox
0x00007ff81fdc6000 	/System/Library/Frameworks/DirectoryService.framework/Versions/A/DirectoryService
0x00007ff82379b000 	/System/Library/PrivateFrameworks/DiskImages.framework/Versions/A/DiskImages
0x00007ff81947a000 	/System/Library/Frameworks/ServiceManagement.framework/Versions/A/ServiceManagement
0x00007ff823977000 	/System/Library/PrivateFrameworks/LoginUIKit.framework/Versions/A/Frameworks/LoginUICore.framework/Versions/A/LoginUICore
0x00007ff81b2bd000 	/usr/lib/libodfde.dylib
0x00007ff821605000 	/System/Library/PrivateFrameworks/CoreAVCHD.framework/Versions/A/CoreAVCHD
0x00007ff8204da000 	/System/Library/Frameworks/MediaAccessibility.framework/Versions/A/MediaAccessibility
0x00007ff821601000 	/System/Library/PrivateFrameworks/Mangrove.framework/Versions/A/Mangrove
0x00007ff8204e5000 	/System/Library/PrivateFrameworks/AlgosScoreFramework.framework/Versions/A/AlgosScoreFramework
0x00007ffb10259000 	/System/Library/PrivateFrameworks/CMPhoto.framework/Versions/A/CMPhoto
0x00007ff82215c000 	/System/Library/PrivateFrameworks/AppleVPA.framework/Versions/A/AppleVPA
0x00007ff821246000 	/System/Library/PrivateFrameworks/CoreAUC.framework/Versions/A/CoreAUC
0x00007ff823909000 	/usr/lib/libcurl.4.dylib
0x00007ffb26bb7000 	/usr/lib/libcrypto.46.dylib
0x00007ffb270a8000 	/usr/lib/libssl.48.dylib
0x00007ff82362d000 	/System/Library/Frameworks/LDAP.framework/Versions/A/LDAP
0x00007ff823665000 	/System/Library/PrivateFrameworks/TrustEvaluationAgent.framework/Versions/A/TrustEvaluationAgent
0x00007ff81ccbc000 	/usr/lib/libsasl2.2.dylib
0x00007ff82050a000 	/System/Library/PrivateFrameworks/CoreDaemon.framework/Versions/B/CoreDaemon
0x00007ff820505000 	/System/Library/PrivateFrameworks/AppleSRP.framework/Versions/A/AppleSRP


VM Arguments:
jvm_args: -agentlib:jdwp=transport=dt_socket,server=n,suspend=y,address=localhost:49320 --module-path=/Users/philipsavov/Library/CloudStorage/OneDrive-TheUniversityofTexasatDallas/Database Project/DB Code Folder/database/portfolio_management/target/classes:/Users/philipsavov/.m2/repository/org/json/json/20220320/json-20220320.jar:/Users/philipsavov/.m2/repository/org/openjfx/javafx-controls/13/javafx-controls-13-mac.jar:/Users/philipsavov/.m2/repository/org/openjfx/javafx-graphics/13/javafx-graphics-13-mac.jar:/Users/philipsavov/.m2/repository/org/openjfx/javafx-base/13/javafx-base-13-mac.jar:/Users/philipsavov/.m2/repository/org/openjfx/javafx-fxml/13/javafx-fxml-13-mac.jar -Djdk.module.main=utd.database 
java_command: utd.database/utd.database.App
java_class_path (initial): /Users/philipsavov/.m2/repository/org/postgresql/postgresql/42.3.3/postgresql-42.3.3.jar:/Users/philipsavov/.m2/repository/org/checkerframework/checker-qual/3.5.0/checker-qual-3.5.0.jar:/Users/philipsavov/.m2/repository/org/openjfx/javafx-controls/13/javafx-controls-13.jar:/Users/philipsavov/.m2/repository/org/openjfx/javafx-graphics/13/javafx-graphics-13.jar:/Users/philipsavov/.m2/repository/org/openjfx/javafx-base/13/javafx-base-13.jar:/Users/philipsavov/.m2/repository/org/openjfx/javafx-fxml/13/javafx-fxml-13.jar
Launcher Type: SUN_STANDARD

[Global flags]
     intx CICompilerCount                          = 4                                         {product} {ergonomic}
     uint ConcGCThreads                            = 3                                         {product} {ergonomic}
     uint G1ConcRefinementThreads                  = 10                                        {product} {ergonomic}
   size_t G1HeapRegionSize                         = 2097152                                   {product} {ergonomic}
    uintx GCDrainStackTargetSize                   = 64                                        {product} {ergonomic}
   size_t InitialHeapSize                          = 536870912                                 {product} {ergonomic}
   size_t MarkStackSize                            = 4194304                                   {product} {ergonomic}
   size_t MaxHeapSize                              = 8589934592                                {product} {ergonomic}
   size_t MaxNewSize                               = 5152702464                                {product} {ergonomic}
   size_t MinHeapDeltaBytes                        = 2097152                                   {product} {ergonomic}
    uintx NonNMethodCodeHeapSize                   = 5835340                                {pd product} {ergonomic}
    uintx NonProfiledCodeHeapSize                  = 122911450                              {pd product} {ergonomic}
    uintx ProfiledCodeHeapSize                     = 122911450                              {pd product} {ergonomic}
    uintx ReservedCodeCacheSize                    = 251658240                              {pd product} {ergonomic}
     bool SegmentedCodeCache                       = true                                      {product} {ergonomic}
     bool UseCompressedClassPointers               = true                                 {lp64_product} {ergonomic}
     bool UseCompressedOops                        = true                                 {lp64_product} {ergonomic}
     bool UseG1GC                                  = true                                      {product} {ergonomic}

Logging:
Log output configuration:
 #0: stdout all=warning uptime,level,tags
 #1: stderr all=off uptime,level,tags

Environment Variables:
JAVA_HOME=/Users/philipsavov/Library/Java/JavaVirtualMachines/openjdk-17.0.1/Contents/Home
PATH=/Library/Frameworks/Python.framework/Versions/3.10/bin:/Library/Frameworks/Python.framework/Versions/3.6/bin:/Library/Frameworks/Python.framework/Versions/3.7/bin:/usr/local/bin:/usr/bin:/bin:/usr/sbin:/sbin:/Library/Apple/usr/bin:/Library/Frameworks/Python.framework/Versions/3.10/bin:/Users/philipsavov/opt/anaconda3/bin:/Users/philipsavov/opt/anaconda3/condabin:/Library/Frameworks/Python.framework/Versions/3.6/bin:/Library/Frameworks/Python.framework/Versions/3.7/bin
SHELL=/bin/bash

Signal Handlers:
SIGSEGV: [libjvm.dylib+0x740190], sa_mask[0]=11111111011111110111111111111111, sa_flags=SA_ONSTACK|SA_RESTART|SA_SIGINFO
SIGBUS: [libjvm.dylib+0x740190], sa_mask[0]=11111111011111110111111111111111, sa_flags=SA_RESTART|SA_SIGINFO
SIGFPE: [libjvm.dylib+0x740190], sa_mask[0]=11111111011111110111111111111111, sa_flags=SA_RESTART|SA_SIGINFO
SIGPIPE: [libjvm.dylib+0x5f2e42], sa_mask[0]=11111111011111110111111111111111, sa_flags=SA_RESTART|SA_SIGINFO
SIGXFSZ: [libjvm.dylib+0x5f2e42], sa_mask[0]=11111111011111110111111111111111, sa_flags=SA_RESTART|SA_SIGINFO
SIGILL: [libjvm.dylib+0x740190], sa_mask[0]=11111111011111110111111111111111, sa_flags=SA_RESTART|SA_SIGINFO
SIGUSR2: [libjvm.dylib+0x5f3427], sa_mask[0]=00000000000000000000000000000000, sa_flags=SA_RESTART|SA_SIGINFO
SIGHUP: [libjvm.dylib+0x5f1e83], sa_mask[0]=11111111011111110111111111111111, sa_flags=SA_RESTART|SA_SIGINFO
SIGINT: [libjvm.dylib+0x5f1e83], sa_mask[0]=11111111011111110111111111111111, sa_flags=SA_RESTART|SA_SIGINFO
SIGTERM: [libjvm.dylib+0x5f1e83], sa_mask[0]=11111111011111110111111111111111, sa_flags=SA_RESTART|SA_SIGINFO
SIGQUIT: [libjvm.dylib+0x5f1e83], sa_mask[0]=11111111011111110111111111111111, sa_flags=SA_RESTART|SA_SIGINFO


---------------  S Y S T E M  ---------------

OS:uname:Darwin 21.4.0 Darwin Kernel Version 21.4.0: Fri Mar 18 00:45:05 PDT 2022; root:xnu-8020.101.4~15/RELEASE_X86_64 x86_64
rlimit: STACK 8192k, CORE 0k, NPROC 5568, NOFILE 10240, AS infinity, DATA infinity, FSIZE infinity
load average:15.57 11.22 8.43

CPU:total 12 (initial active 12) (6 cores per cpu, 2 threads per core) family 6 model 158 stepping 10, cmov, cx8, fxsr, mmx, sse, sse2, sse3, ssse3, sse4.1, sse4.2, popcnt, avx, avx2, aes, clmul, erms, rtm, 3dnowpref, lzcnt, ht, tsc, tscinvbit, bmi1, bmi2, adx, fma

Memory: 4k page, physical 33554432k(1980532k free)

vm_info: Java HotSpot(TM) 64-Bit Server VM (11.0.2+9-LTS) for bsd-amd64 JRE (11.0.2+9-LTS), built on Jan 18 2019 08:16:46 by "mach5one" with gcc 4.2.1 Compatible Apple LLVM 9.1.0 (clang-902.0.39.2)

END.
